{"/app/karatoken-integrated/ai-services/backend/src/routes/genre.ts": {"path":"/app/karatoken-integrated/ai-services/backend/src/routes/genre.ts","statementMap":{"0":{"start":{"line":1,"column":0},"end":{"line":1,"column":69}},"1":{"start":{"line":2,"column":0},"end":{"line":2,"column":20}},"2":{"start":{"line":4,"column":0},"end":{"line":4,"column":24}},"3":{"start":{"line":5,"column":0},"end":{"line":5,"column":35}},"4":{"start":{"line":11,"column":0},"end":{"line":11,"column":null}},"5":{"start":{"line":12,"column":2},"end":{"line":12,"column":null}},"6":{"start":{"line":13,"column":2},"end":{"line":13,"column":null}},"7":{"start":{"line":14,"column":2},"end":{"line":14,"column":null}},"8":{"start":{"line":15,"column":2},"end":{"line":15,"column":null}},"9":{"start":{"line":46,"column":18},"end":{"line":46,"column":77}},"10":{"start":{"line":47,"column":21},"end":{"line":47,"column":57}},"11":{"start":{"line":50,"column":0},"end":{"line":52,"column":1}},"12":{"start":{"line":51,"column":2},"end":{"line":51,"column":47}},"13":{"start":{"line":54,"column":15},"end":{"line":54,"column":31}},"14":{"start":{"line":55,"column":13},"end":{"line":55,"column":35}},"15":{"start":{"line":58,"column":35},"end":{"line":58,"column":61}},"16":{"start":{"line":58,"column":55},"end":{"line":58,"column":61}},"17":{"start":{"line":70,"column":28},"end":{"line":81,"column":1}},"18":{"start":{"line":71,"column":2},"end":{"line":71,"column":20}},"19":{"start":{"line":71,"column":10},"end":{"line":71,"column":20}},"20":{"start":{"line":73,"column":2},"end":{"line":78,"column":5}},"21":{"start":{"line":80,"column":2},"end":{"line":80,"column":12}},"22":{"start":{"line":70,"column":13},"end":{"line":70,"column":28}},"23":{"start":{"line":84,"column":40},"end":{"line":109,"column":1}},"24":{"start":{"line":85,"column":2},"end":{"line":85,"column":35}},"25":{"start":{"line":85,"column":21},"end":{"line":85,"column":35}},"26":{"start":{"line":87,"column":36},"end":{"line":87,"column":44}},"27":{"start":{"line":88,"column":2},"end":{"line":88,"column":47}},"28":{"start":{"line":88,"column":33},"end":{"line":88,"column":47}},"29":{"start":{"line":90,"column":19},"end":{"line":90,"column":89}},"30":{"start":{"line":91,"column":20},"end":{"line":91,"column":60}},"31":{"start":{"line":93,"column":2},"end":{"line":106,"column":3}},"32":{"start":{"line":94,"column":4},"end":{"line":102,"column":5}},"33":{"start":{"line":95,"column":25},"end":{"line":95,"column":83}},"34":{"start":{"line":97,"column":6},"end":{"line":97,"column":47}},"35":{"start":{"line":98,"column":6},"end":{"line":101,"column":9}},"36":{"start":{"line":105,"column":4},"end":{"line":105,"column":46}},"37":{"start":{"line":108,"column":2},"end":{"line":108,"column":9}},"38":{"start":{"line":112,"column":2},"end":{"line":112,"column":57}},"39":{"start":{"line":112,"column":32},"end":{"line":112,"column":55}},"40":{"start":{"line":115,"column":20},"end":{"line":115,"column":87}},"41":{"start":{"line":115,"column":26},"end":{"line":115,"column":87}},"42":{"start":{"line":118,"column":36},"end":{"line":118,"column":46}},"43":{"start":{"line":120,"column":2},"end":{"line":187,"column":3}},"44":{"start":{"line":121,"column":4},"end":{"line":121,"column":38}},"45":{"start":{"line":122,"column":4},"end":{"line":122,"column":22}},"46":{"start":{"line":123,"column":4},"end":{"line":123,"column":48}},"47":{"start":{"line":124,"column":4},"end":{"line":124,"column":22}},"48":{"start":{"line":126,"column":24},"end":{"line":126,"column":52}},"49":{"start":{"line":129,"column":4},"end":{"line":137,"column":5}},"50":{"start":{"line":130,"column":6},"end":{"line":130,"column":61}},"51":{"start":{"line":131,"column":6},"end":{"line":133,"column":7}},"52":{"start":{"line":132,"column":8},"end":{"line":132,"column":61}},"53":{"start":{"line":136,"column":6},"end":{"line":136,"column":81}},"54":{"start":{"line":139,"column":4},"end":{"line":139,"column":22}},"55":{"start":{"line":140,"column":4},"end":{"line":140,"column":61}},"56":{"start":{"line":141,"column":4},"end":{"line":141,"column":21}},"57":{"start":{"line":144,"column":4},"end":{"line":144,"column":59}},"58":{"start":{"line":145,"column":4},"end":{"line":145,"column":22}},"59":{"start":{"line":146,"column":4},"end":{"line":146,"column":22}},"60":{"start":{"line":147,"column":29},"end":{"line":147,"column":73}},"61":{"start":{"line":148,"column":22},"end":{"line":148,"column":66}},"62":{"start":{"line":150,"column":4},"end":{"line":150,"column":67}},"63":{"start":{"line":151,"column":4},"end":{"line":151,"column":22}},"64":{"start":{"line":152,"column":4},"end":{"line":152,"column":22}},"65":{"start":{"line":153,"column":27},"end":{"line":153,"column":88}},"66":{"start":{"line":155,"column":4},"end":{"line":155,"column":43}},"67":{"start":{"line":156,"column":4},"end":{"line":156,"column":22}},"68":{"start":{"line":157,"column":4},"end":{"line":157,"column":22}},"69":{"start":{"line":158,"column":20},"end":{"line":158,"column":58}},"70":{"start":{"line":160,"column":4},"end":{"line":160,"column":44}},"71":{"start":{"line":161,"column":4},"end":{"line":161,"column":22}},"72":{"start":{"line":162,"column":4},"end":{"line":162,"column":22}},"73":{"start":{"line":163,"column":27},"end":{"line":163,"column":86}},"74":{"start":{"line":166,"column":4},"end":{"line":166,"column":61}},"75":{"start":{"line":167,"column":4},"end":{"line":167,"column":47}},"76":{"start":{"line":168,"column":4},"end":{"line":168,"column":54}},"77":{"start":{"line":169,"column":4},"end":{"line":169,"column":56}},"78":{"start":{"line":170,"column":4},"end":{"line":170,"column":58}},"79":{"start":{"line":172,"column":4},"end":{"line":172,"column":37}},"80":{"start":{"line":173,"column":4},"end":{"line":173,"column":23}},"81":{"start":{"line":174,"column":4},"end":{"line":180,"column":6}},"82":{"start":{"line":181,"column":4},"end":{"line":181,"column":48}},"83":{"start":{"line":183,"column":18},"end":{"line":183,"column":28}},"84":{"start":{"line":184,"column":4},"end":{"line":184,"column":34}},"85":{"start":{"line":185,"column":4},"end":{"line":185,"column":30}},"86":{"start":{"line":186,"column":4},"end":{"line":186,"column":44}},"87":{"start":{"line":191,"column":38},"end":{"line":202,"column":1}},"88":{"start":{"line":192,"column":36},"end":{"line":192,"column":44}},"89":{"start":{"line":194,"column":2},"end":{"line":196,"column":3}},"90":{"start":{"line":195,"column":4},"end":{"line":195,"column":74}},"91":{"start":{"line":197,"column":2},"end":{"line":199,"column":3}},"92":{"start":{"line":198,"column":4},"end":{"line":198,"column":77}},"93":{"start":{"line":201,"column":2},"end":{"line":201,"column":9}},"94":{"start":{"line":204,"column":0},"end":{"line":226,"column":3}},"95":{"start":{"line":205,"column":56},"end":{"line":205,"column":64}},"96":{"start":{"line":207,"column":16},"end":{"line":207,"column":29}},"97":{"start":{"line":208,"column":19},"end":{"line":218,"column":4}},"98":{"start":{"line":220,"column":2},"end":{"line":220,"column":23}},"99":{"start":{"line":223,"column":2},"end":{"line":223,"column":20}},"100":{"start":{"line":225,"column":2},"end":{"line":225,"column":39}},"101":{"start":{"line":228,"column":0},"end":{"line":237,"column":3}},"102":{"start":{"line":229,"column":20},"end":{"line":229,"column":30}},"103":{"start":{"line":230,"column":14},"end":{"line":230,"column":29}},"104":{"start":{"line":232,"column":2},"end":{"line":234,"column":3}},"105":{"start":{"line":233,"column":4},"end":{"line":233,"column":71}},"106":{"start":{"line":236,"column":2},"end":{"line":236,"column":37}},"107":{"start":{"line":239,"column":0},"end":{"line":239,"column":22}}},"fnMap":{"0":{"name":"(anonymous_1)","decl":{"start":{"line":11,"column":0},"end":{"line":11,"column":5}},"loc":{"start":{"line":11,"column":14},"end":{"line":16,"column":1}}},"1":{"name":"(anonymous_2)","decl":{"start":{"line":58,"column":35},"end":{"line":58,"column":36}},"loc":{"start":{"line":58,"column":55},"end":{"line":58,"column":61}}},"2":{"name":"(anonymous_3)","decl":{"start":{"line":70,"column":28},"end":{"line":70,"column":29}},"loc":{"start":{"line":70,"column":72},"end":{"line":81,"column":1}}},"3":{"name":"(anonymous_4)","decl":{"start":{"line":84,"column":40},"end":{"line":84,"column":45}},"loc":{"start":{"line":84,"column":65},"end":{"line":109,"column":1}}},"4":{"name":"sleep","decl":{"start":{"line":111,"column":9},"end":{"line":111,"column":14}},"loc":{"start":{"line":111,"column":25},"end":{"line":113,"column":1}}},"5":{"name":"(anonymous_6)","decl":{"start":{"line":112,"column":21},"end":{"line":112,"column":28}},"loc":{"start":{"line":112,"column":32},"end":{"line":112,"column":55}}},"6":{"name":"(anonymous_7)","decl":{"start":{"line":115,"column":20},"end":{"line":115,"column":23}},"loc":{"start":{"line":115,"column":26},"end":{"line":115,"column":87}}},"7":{"name":"runGenreSwap","decl":{"start":{"line":117,"column":15},"end":{"line":117,"column":27}},"loc":{"start":{"line":117,"column":36},"end":{"line":188,"column":1}}},"8":{"name":"(anonymous_9)","decl":{"start":{"line":191,"column":38},"end":{"line":191,"column":39}},"loc":{"start":{"line":191,"column":57},"end":{"line":202,"column":1}}},"9":{"name":"(anonymous_10)","decl":{"start":{"line":204,"column":65},"end":{"line":204,"column":66}},"loc":{"start":{"line":204,"column":97},"end":{"line":226,"column":1}}},"10":{"name":"(anonymous_11)","decl":{"start":{"line":228,"column":29},"end":{"line":228,"column":30}},"loc":{"start":{"line":228,"column":61},"end":{"line":237,"column":1}}}},"branchMap":{"0":{"loc":{"start":{"line":11,"column":5},"end":{"line":11,"column":null}},"type":"binary-expr","locations":[{"start":{"line":11,"column":5},"end":{"line":11,"column":14}},{"start":{"line":11,"column":5},"end":{"line":11,"column":null}}]},"1":{"loc":{"start":{"line":46,"column":18},"end":{"line":46,"column":77}},"type":"binary-expr","locations":[{"start":{"line":46,"column":18},"end":{"line":46,"column":39}},{"start":{"line":46,"column":43},"end":{"line":46,"column":77}}]},"2":{"loc":{"start":{"line":50,"column":0},"end":{"line":52,"column":1}},"type":"if","locations":[{"start":{"line":50,"column":0},"end":{"line":52,"column":1}}]},"3":{"loc":{"start":{"line":50,"column":4},"end":{"line":50,"column":45}},"type":"binary-expr","locations":[{"start":{"line":50,"column":4},"end":{"line":50,"column":16}},{"start":{"line":50,"column":20},"end":{"line":50,"column":45}}]},"4":{"loc":{"start":{"line":71,"column":2},"end":{"line":71,"column":20}},"type":"if","locations":[{"start":{"line":71,"column":2},"end":{"line":71,"column":20}}]},"5":{"loc":{"start":{"line":75,"column":14},"end":{"line":75,"column":43}},"type":"binary-expr","locations":[{"start":{"line":75,"column":14},"end":{"line":75,"column":36}},{"start":{"line":75,"column":40},"end":{"line":75,"column":43}}]},"6":{"loc":{"start":{"line":85,"column":2},"end":{"line":85,"column":35}},"type":"if","locations":[{"start":{"line":85,"column":2},"end":{"line":85,"column":35}}]},"7":{"loc":{"start":{"line":88,"column":2},"end":{"line":88,"column":47}},"type":"if","locations":[{"start":{"line":88,"column":2},"end":{"line":88,"column":47}}]},"8":{"loc":{"start":{"line":88,"column":6},"end":{"line":88,"column":31}},"type":"binary-expr","locations":[{"start":{"line":88,"column":6},"end":{"line":88,"column":15}},{"start":{"line":88,"column":19},"end":{"line":88,"column":31}}]},"9":{"loc":{"start":{"line":94,"column":4},"end":{"line":102,"column":5}},"type":"if","locations":[{"start":{"line":94,"column":4},"end":{"line":102,"column":5}}]},"10":{"loc":{"start":{"line":129,"column":4},"end":{"line":137,"column":5}},"type":"if","locations":[{"start":{"line":129,"column":4},"end":{"line":137,"column":5}},{"start":{"line":134,"column":11},"end":{"line":137,"column":5}}]},"11":{"loc":{"start":{"line":131,"column":6},"end":{"line":133,"column":7}},"type":"if","locations":[{"start":{"line":131,"column":6},"end":{"line":133,"column":7}}]},"12":{"loc":{"start":{"line":194,"column":2},"end":{"line":196,"column":3}},"type":"if","locations":[{"start":{"line":194,"column":2},"end":{"line":196,"column":3}}]},"13":{"loc":{"start":{"line":194,"column":6},"end":{"line":194,"column":47}},"type":"binary-expr","locations":[{"start":{"line":194,"column":6},"end":{"line":194,"column":15}},{"start":{"line":194,"column":19},"end":{"line":194,"column":47}}]},"14":{"loc":{"start":{"line":197,"column":2},"end":{"line":199,"column":3}},"type":"if","locations":[{"start":{"line":197,"column":2},"end":{"line":199,"column":3}}]},"15":{"loc":{"start":{"line":197,"column":6},"end":{"line":197,"column":53}},"type":"binary-expr","locations":[{"start":{"line":197,"column":6},"end":{"line":197,"column":18}},{"start":{"line":197,"column":22},"end":{"line":197,"column":53}}]},"16":{"loc":{"start":{"line":205,"column":33},"end":{"line":205,"column":51}},"type":"default-arg","locations":[{"start":{"line":205,"column":47},"end":{"line":205,"column":51}}]},"17":{"loc":{"start":{"line":232,"column":2},"end":{"line":234,"column":3}},"type":"if","locations":[{"start":{"line":232,"column":2},"end":{"line":234,"column":3}}]}},"s":{"0":2,"1":2,"2":2,"3":2,"4":2,"5":2,"6":2,"7":2,"8":2,"9":2,"10":2,"11":2,"12":0,"13":2,"14":2,"15":2,"16":3,"17":2,"18":0,"19":0,"20":0,"21":0,"22":2,"23":2,"24":2,"25":0,"26":2,"27":2,"28":0,"29":2,"30":2,"31":2,"32":2,"33":0,"34":0,"35":0,"36":0,"37":2,"38":2,"39":2,"40":2,"41":2,"42":2,"43":2,"44":2,"45":2,"46":2,"47":2,"48":0,"49":0,"50":0,"51":0,"52":0,"53":0,"54":0,"55":0,"56":0,"57":0,"58":0,"59":0,"60":0,"61":0,"62":0,"63":0,"64":0,"65":0,"66":0,"67":0,"68":0,"69":0,"70":0,"71":0,"72":0,"73":0,"74":0,"75":0,"76":0,"77":0,"78":0,"79":0,"80":0,"81":0,"82":0,"83":0,"84":0,"85":0,"86":0,"87":2,"88":3,"89":3,"90":1,"91":2,"92":0,"93":2,"94":2,"95":2,"96":2,"97":2,"98":2,"99":2,"100":2,"101":2,"102":2,"103":2,"104":2,"105":1,"106":1,"107":2},"f":{"0":2,"1":3,"2":0,"3":2,"4":2,"5":2,"6":2,"7":2,"8":3,"9":2,"10":2},"b":{"0":[2,2],"1":[2,2],"2":[0],"3":[2,2],"4":[0],"5":[0,0],"6":[0],"7":[0],"8":[2,2],"9":[0],"10":[0,0],"11":[0],"12":[1],"13":[3,2],"14":[0],"15":[2,2],"16":[0],"17":[1]}}
,"/app/karatoken-integrated/ai-services/backend/src/routes/youtube.ts": {"path":"/app/karatoken-integrated/ai-services/backend/src/routes/youtube.ts","statementMap":{"0":{"start":{"line":1,"column":0},"end":{"line":1,"column":38}},"1":{"start":{"line":2,"column":0},"end":{"line":2,"column":53}},"2":{"start":{"line":3,"column":0},"end":{"line":3,"column":20}},"3":{"start":{"line":4,"column":0},"end":{"line":4,"column":24}},"4":{"start":{"line":5,"column":0},"end":{"line":5,"column":24}},"5":{"start":{"line":7,"column":15},"end":{"line":7,"column":31}},"6":{"start":{"line":9,"column":24},"end":{"line":13,"column":2}},"7":{"start":{"line":15,"column":0},"end":{"line":34,"column":3}},"8":{"start":{"line":16,"column":12},"end":{"line":16,"column":49}},"9":{"start":{"line":17,"column":2},"end":{"line":17,"column":73}},"10":{"start":{"line":17,"column":10},"end":{"line":17,"column":73}},"11":{"start":{"line":18,"column":2},"end":{"line":33,"column":3}},"12":{"start":{"line":19,"column":19},"end":{"line":19,"column":47}},"13":{"start":{"line":20,"column":19},"end":{"line":29,"column":9}},"14":{"start":{"line":21,"column":20},"end":{"line":21,"column":39}},"15":{"start":{"line":22,"column":24},"end":{"line":29,"column":8}},"16":{"start":{"line":30,"column":4},"end":{"line":30,"column":71}},"17":{"start":{"line":32,"column":4},"end":{"line":32,"column":78}},"18":{"start":{"line":36,"column":0},"end":{"line":82,"column":3}},"19":{"start":{"line":37,"column":2},"end":{"line":81,"column":3}},"20":{"start":{"line":38,"column":16},"end":{"line":38,"column":68}},"21":{"start":{"line":39,"column":4},"end":{"line":41,"column":5}},"22":{"start":{"line":40,"column":6},"end":{"line":40,"column":79}},"23":{"start":{"line":42,"column":17},"end":{"line":42,"column":90}},"24":{"start":{"line":43,"column":22},"end":{"line":45,"column":19}},"25":{"start":{"line":46,"column":19},"end":{"line":46,"column":53}},"26":{"start":{"line":47,"column":4},"end":{"line":47,"column":74}},"27":{"start":{"line":47,"column":32},"end":{"line":47,"column":74}},"28":{"start":{"line":48,"column":20},"end":{"line":48,"column":71}},"29":{"start":{"line":50,"column":19},"end":{"line":53,"column":6}},"30":{"start":{"line":54,"column":20},"end":{"line":54,"column":55}},"31":{"start":{"line":55,"column":18},"end":{"line":55,"column":47}},"32":{"start":{"line":57,"column":4},"end":{"line":62,"column":7}},"33":{"start":{"line":58,"column":6},"end":{"line":58,"column":25}},"34":{"start":{"line":59,"column":6},"end":{"line":59,"column":33}},"35":{"start":{"line":60,"column":6},"end":{"line":60,"column":42}},"36":{"start":{"line":60,"column":31},"end":{"line":60,"column":40}},"37":{"start":{"line":61,"column":6},"end":{"line":61,"column":32}},"38":{"start":{"line":64,"column":20},"end":{"line":64,"column":52}},"39":{"start":{"line":65,"column":4},"end":{"line":71,"column":7}},"40":{"start":{"line":73,"column":16},"end":{"line":73,"column":54}},"41":{"start":{"line":74,"column":4},"end":{"line":79,"column":5}},"42":{"start":{"line":75,"column":6},"end":{"line":78,"column":9}},"43":{"start":{"line":80,"column":4},"end":{"line":80,"column":59}},"44":{"start":{"line":84,"column":0},"end":{"line":84,"column":22}}},"fnMap":{"0":{"name":"(anonymous_1)","decl":{"start":{"line":15,"column":22},"end":{"line":15,"column":27}},"loc":{"start":{"line":15,"column":60},"end":{"line":34,"column":1}}},"1":{"name":"(anonymous_2)","decl":{"start":{"line":21,"column":14},"end":{"line":21,"column":16}},"loc":{"start":{"line":21,"column":20},"end":{"line":21,"column":39}}},"2":{"name":"(anonymous_3)","decl":{"start":{"line":22,"column":11},"end":{"line":22,"column":12}},"loc":{"start":{"line":22,"column":24},"end":{"line":29,"column":8}}},"3":{"name":"(anonymous_4)","decl":{"start":{"line":36,"column":25},"end":{"line":36,"column":30}},"loc":{"start":{"line":36,"column":63},"end":{"line":82,"column":1}}},"4":{"name":"(anonymous_5)","decl":{"start":{"line":57,"column":28},"end":{"line":57,"column":29}},"loc":{"start":{"line":57,"column":48},"end":{"line":62,"column":5}}},"5":{"name":"(anonymous_6)","decl":{"start":{"line":60,"column":25},"end":{"line":60,"column":28}},"loc":{"start":{"line":60,"column":31},"end":{"line":60,"column":40}}}},"branchMap":{"0":{"loc":{"start":{"line":16,"column":13},"end":{"line":16,"column":30}},"type":"binary-expr","locations":[{"start":{"line":16,"column":13},"end":{"line":16,"column":24}},{"start":{"line":16,"column":28},"end":{"line":16,"column":30}}]},"1":{"loc":{"start":{"line":17,"column":2},"end":{"line":17,"column":73}},"type":"if","locations":[{"start":{"line":17,"column":2},"end":{"line":17,"column":73}}]},"2":{"loc":{"start":{"line":20,"column":20},"end":{"line":20,"column":38}},"type":"binary-expr","locations":[{"start":{"line":20,"column":20},"end":{"line":20,"column":32}},{"start":{"line":20,"column":36},"end":{"line":20,"column":38}}]},"3":{"loc":{"start":{"line":28,"column":16},"end":{"line":28,"column":70}},"type":"binary-expr","locations":[{"start":{"line":28,"column":16},"end":{"line":28,"column":24}},{"start":{"line":28,"column":28},"end":{"line":28,"column":70}}]},"4":{"loc":{"start":{"line":32,"column":52},"end":{"line":32,"column":74}},"type":"binary-expr","locations":[{"start":{"line":32,"column":52},"end":{"line":32,"column":61}},{"start":{"line":32,"column":65},"end":{"line":32,"column":74}}]},"5":{"loc":{"start":{"line":38,"column":16},"end":{"line":38,"column":68}},"type":"cond-expr","locations":[{"start":{"line":38,"column":43},"end":{"line":38,"column":63}},{"start":{"line":38,"column":66},"end":{"line":38,"column":68}}]},"6":{"loc":{"start":{"line":38,"column":16},"end":{"line":38,"column":40}},"type":"binary-expr","locations":[{"start":{"line":38,"column":16},"end":{"line":38,"column":24}},{"start":{"line":38,"column":28},"end":{"line":38,"column":40}}]},"7":{"loc":{"start":{"line":39,"column":4},"end":{"line":41,"column":5}},"type":"if","locations":[{"start":{"line":39,"column":4},"end":{"line":41,"column":5}}]},"8":{"loc":{"start":{"line":39,"column":8},"end":{"line":39,"column":38}},"type":"binary-expr","locations":[{"start":{"line":39,"column":8},"end":{"line":39,"column":12}},{"start":{"line":39,"column":16},"end":{"line":39,"column":38}}]},"9":{"loc":{"start":{"line":43,"column":23},"end":{"line":43,"column":57}},"type":"binary-expr","locations":[{"start":{"line":43,"column":23},"end":{"line":43,"column":46}},{"start":{"line":43,"column":50},"end":{"line":43,"column":57}}]},"10":{"loc":{"start":{"line":47,"column":4},"end":{"line":47,"column":74}},"type":"if","locations":[{"start":{"line":47,"column":4},"end":{"line":47,"column":74}}]},"11":{"loc":{"start":{"line":73,"column":16},"end":{"line":73,"column":54}},"type":"cond-expr","locations":[{"start":{"line":73,"column":33},"end":{"line":73,"column":42}},{"start":{"line":73,"column":45},"end":{"line":73,"column":54}}]},"12":{"loc":{"start":{"line":73,"column":16},"end":{"line":73,"column":30}},"type":"binary-expr","locations":[{"start":{"line":73,"column":16},"end":{"line":73,"column":17}},{"start":{"line":73,"column":21},"end":{"line":73,"column":30}}]},"13":{"loc":{"start":{"line":74,"column":4},"end":{"line":79,"column":5}},"type":"if","locations":[{"start":{"line":74,"column":4},"end":{"line":79,"column":5}}]},"14":{"loc":{"start":{"line":74,"column":8},"end":{"line":74,"column":74}},"type":"binary-expr","locations":[{"start":{"line":74,"column":8},"end":{"line":74,"column":48}},{"start":{"line":74,"column":52},"end":{"line":74,"column":74}}]}},"s":{"0":2,"1":2,"2":2,"3":2,"4":2,"5":2,"6":2,"7":2,"8":0,"9":0,"10":0,"11":0,"12":0,"13":0,"14":0,"15":0,"16":0,"17":0,"18":2,"19":0,"20":0,"21":0,"22":0,"23":0,"24":0,"25":0,"26":0,"27":0,"28":0,"29":0,"30":0,"31":0,"32":0,"33":0,"34":0,"35":0,"36":0,"37":0,"38":0,"39":0,"40":0,"41":0,"42":0,"43":0,"44":2},"f":{"0":0,"1":0,"2":0,"3":0,"4":0,"5":0},"b":{"0":[0,0],"1":[0],"2":[0,0],"3":[0,0],"4":[0,0],"5":[0,0],"6":[0,0],"7":[0],"8":[0,0],"9":[0,0],"10":[0],"11":[0,0],"12":[0,0],"13":[0],"14":[0,0]}}
,"/app/karatoken-integrated/ai-services/backend/src/services/emotionAnalysis.ts": {"path":"/app/karatoken-integrated/ai-services/backend/src/services/emotionAnalysis.ts","statementMap":{"0":{"start":{"line":28,"column":0},"end":{"line":28,"column":7}},"1":{"start":{"line":81,"column":0},"end":{"line":81,"column":7}},"2":{"start":{"line":1,"column":0},"end":{"line":1,"column":48}},"3":{"start":{"line":2,"column":0},"end":{"line":2,"column":36}},"4":{"start":{"line":3,"column":0},"end":{"line":3,"column":20}},"5":{"start":{"line":4,"column":0},"end":{"line":4,"column":24}},"6":{"start":{"line":15,"column":29},"end":{"line":15,"column":33}},"7":{"start":{"line":19,"column":2},"end":{"line":24,"column":3}},"8":{"start":{"line":20,"column":4},"end":{"line":23,"column":6}},"9":{"start":{"line":25,"column":2},"end":{"line":25,"column":27}},"10":{"start":{"line":29,"column":2},"end":{"line":35,"column":3}},"11":{"start":{"line":30,"column":4},"end":{"line":34,"column":6}},"12":{"start":{"line":37,"column":2},"end":{"line":69,"column":3}},"13":{"start":{"line":38,"column":23},"end":{"line":38,"column":51}},"14":{"start":{"line":39,"column":20},"end":{"line":39,"column":55}},"15":{"start":{"line":42,"column":48},"end":{"line":42,"column":50}},"16":{"start":{"line":43,"column":26},"end":{"line":43,"column":35}},"17":{"start":{"line":44,"column":19},"end":{"line":44,"column":20}},"18":{"start":{"line":46,"column":4},"end":{"line":55,"column":7}},"19":{"start":{"line":47,"column":22},"end":{"line":47,"column":48}},"20":{"start":{"line":48,"column":20},"end":{"line":48,"column":32}},"21":{"start":{"line":49,"column":6},"end":{"line":49,"column":32}},"22":{"start":{"line":51,"column":6},"end":{"line":54,"column":7}},"23":{"start":{"line":52,"column":8},"end":{"line":52,"column":25}},"24":{"start":{"line":53,"column":8},"end":{"line":53,"column":34}},"25":{"start":{"line":57,"column":4},"end":{"line":61,"column":6}},"26":{"start":{"line":63,"column":4},"end":{"line":63,"column":55}},"27":{"start":{"line":64,"column":4},"end":{"line":68,"column":6}},"28":{"start":{"line":73,"column":55},"end":{"line":73,"column":57}},"29":{"start":{"line":74,"column":18},"end":{"line":74,"column":63}},"30":{"start":{"line":77,"column":0},"end":{"line":79,"column":1}},"31":{"start":{"line":78,"column":2},"end":{"line":78,"column":47}},"32":{"start":{"line":82,"column":15},"end":{"line":82,"column":59}},"33":{"start":{"line":83,"column":20},"end":{"line":83,"column":56}},"34":{"start":{"line":85,"column":2},"end":{"line":109,"column":3}},"35":{"start":{"line":87,"column":4},"end":{"line":89,"column":5}},"36":{"start":{"line":88,"column":6},"end":{"line":88,"column":32}},"37":{"start":{"line":92,"column":4},"end":{"line":96,"column":5}},"38":{"start":{"line":93,"column":21},"end":{"line":93,"column":68}},"39":{"start":{"line":94,"column":6},"end":{"line":94,"column":34}},"40":{"start":{"line":95,"column":6},"end":{"line":95,"column":20}},"41":{"start":{"line":99,"column":19},"end":{"line":99,"column":45}},"42":{"start":{"line":102,"column":4},"end":{"line":102,"column":32}},"43":{"start":{"line":103,"column":4},"end":{"line":103,"column":65}},"44":{"start":{"line":105,"column":4},"end":{"line":105,"column":18}},"45":{"start":{"line":107,"column":4},"end":{"line":107,"column":62}},"46":{"start":{"line":108,"column":4},"end":{"line":108,"column":32}}},"fnMap":{"0":{"name":"getEmotionClassifier","decl":{"start":{"line":18,"column":15},"end":{"line":18,"column":35}},"loc":{"start":{"line":18,"column":35},"end":{"line":26,"column":1}}},"1":{"name":"analyzeEmotion","decl":{"start":{"line":28,"column":22},"end":{"line":28,"column":36}},"loc":{"start":{"line":28,"column":49},"end":{"line":70,"column":1}}},"2":{"name":"(anonymous_3)","decl":{"start":{"line":46,"column":20},"end":{"line":46,"column":21}},"loc":{"start":{"line":46,"column":65},"end":{"line":55,"column":5}}},"3":{"name":"analyzeEmotionWithCache","decl":{"start":{"line":81,"column":22},"end":{"line":81,"column":45}},"loc":{"start":{"line":81,"column":58},"end":{"line":110,"column":1}}}},"branchMap":{"0":{"loc":{"start":{"line":19,"column":2},"end":{"line":24,"column":3}},"type":"if","locations":[{"start":{"line":19,"column":2},"end":{"line":24,"column":3}}]},"1":{"loc":{"start":{"line":29,"column":2},"end":{"line":35,"column":3}},"type":"if","locations":[{"start":{"line":29,"column":2},"end":{"line":35,"column":3}}]},"2":{"loc":{"start":{"line":29,"column":6},"end":{"line":29,"column":67}},"type":"binary-expr","locations":[{"start":{"line":29,"column":6},"end":{"line":29,"column":11}},{"start":{"line":29,"column":15},"end":{"line":29,"column":39}},{"start":{"line":29,"column":43},"end":{"line":29,"column":67}}]},"3":{"loc":{"start":{"line":51,"column":6},"end":{"line":54,"column":7}},"type":"if","locations":[{"start":{"line":51,"column":6},"end":{"line":54,"column":7}}]},"4":{"loc":{"start":{"line":77,"column":0},"end":{"line":79,"column":1}},"type":"if","locations":[{"start":{"line":77,"column":0},"end":{"line":79,"column":1}}]},"5":{"loc":{"start":{"line":87,"column":4},"end":{"line":89,"column":5}},"type":"if","locations":[{"start":{"line":87,"column":4},"end":{"line":89,"column":5}}]},"6":{"loc":{"start":{"line":92,"column":4},"end":{"line":96,"column":5}},"type":"if","locations":[{"start":{"line":92,"column":4},"end":{"line":96,"column":5}}]}},"s":{"0":1,"1":1,"2":1,"3":1,"4":1,"5":1,"6":1,"7":3,"8":1,"9":3,"10":4,"11":1,"12":3,"13":3,"14":3,"15":3,"16":3,"17":3,"18":3,"19":3,"20":3,"21":3,"22":3,"23":3,"24":3,"25":3,"26":0,"27":0,"28":1,"29":1,"30":1,"31":0,"32":0,"33":0,"34":0,"35":0,"36":0,"37":0,"38":0,"39":0,"40":0,"41":0,"42":0,"43":0,"44":0,"45":0,"46":0},"f":{"0":3,"1":4,"2":3,"3":0},"b":{"0":[1],"1":[1],"2":[4,3,3],"3":[3],"4":[0],"5":[0],"6":[0]}}
,"/app/karatoken-integrated/ai-services/backend/src/services/pitchDetection.ts": {"path":"/app/karatoken-integrated/ai-services/backend/src/services/pitchDetection.ts","statementMap":{"0":{"start":{"line":12,"column":0},"end":{"line":12,"column":16}},"1":{"start":{"line":37,"column":0},"end":{"line":37,"column":16}},"2":{"start":{"line":82,"column":0},"end":{"line":82,"column":16}},"3":{"start":{"line":1,"column":0},"end":{"line":1,"column":39}},"4":{"start":{"line":13,"column":21},"end":{"line":13,"column":43}},"5":{"start":{"line":14,"column":22},"end":{"line":14,"column":51}},"6":{"start":{"line":15,"column":28},"end":{"line":15,"column":30}},"7":{"start":{"line":18,"column":19},"end":{"line":18,"column":60}},"8":{"start":{"line":21,"column":2},"end":{"line":32,"column":3}},"9":{"start":{"line":21,"column":15},"end":{"line":21,"column":16}},"10":{"start":{"line":23,"column":18},"end":{"line":23,"column":57}},"11":{"start":{"line":24,"column":29},"end":{"line":24,"column":66}},"12":{"start":{"line":27,"column":4},"end":{"line":31,"column":5}},"13":{"start":{"line":28,"column":6},"end":{"line":28,"column":26}},"14":{"start":{"line":30,"column":6},"end":{"line":30,"column":22}},"15":{"start":{"line":34,"column":2},"end":{"line":34,"column":17}},"16":{"start":{"line":38,"column":2},"end":{"line":46,"column":3}},"17":{"start":{"line":39,"column":4},"end":{"line":45,"column":6}},"18":{"start":{"line":49,"column":23},"end":{"line":49,"column":51}},"19":{"start":{"line":49,"column":45},"end":{"line":49,"column":50}},"20":{"start":{"line":51,"column":2},"end":{"line":59,"column":3}},"21":{"start":{"line":52,"column":4},"end":{"line":58,"column":6}},"22":{"start":{"line":62,"column":14},"end":{"line":62,"column":53}},"23":{"start":{"line":62,"column":44},"end":{"line":62,"column":49}},"24":{"start":{"line":63,"column":14},"end":{"line":63,"column":39}},"25":{"start":{"line":64,"column":14},"end":{"line":64,"column":39}},"26":{"start":{"line":65,"column":14},"end":{"line":65,"column":39}},"27":{"start":{"line":68,"column":22},"end":{"line":68,"column":65}},"28":{"start":{"line":68,"column":44},"end":{"line":68,"column":64}},"29":{"start":{"line":69,"column":24},"end":{"line":69,"column":84}},"30":{"start":{"line":69,"column":53},"end":{"line":69,"column":58}},"31":{"start":{"line":70,"column":17},"end":{"line":70,"column":41}},"32":{"start":{"line":72,"column":2},"end":{"line":78,"column":4}},"33":{"start":{"line":83,"column":2},"end":{"line":83,"column":34}},"34":{"start":{"line":83,"column":22},"end":{"line":83,"column":34}},"35":{"start":{"line":85,"column":13},"end":{"line":85,"column":16}},"36":{"start":{"line":86,"column":20},"end":{"line":86,"column":85}},"37":{"start":{"line":89,"column":20},"end":{"line":89,"column":50}},"38":{"start":{"line":90,"column":21},"end":{"line":90,"column":46}},"39":{"start":{"line":92,"column":17},"end":{"line":92,"column":48}},"40":{"start":{"line":93,"column":19},"end":{"line":93,"column":59}},"41":{"start":{"line":95,"column":2},"end":{"line":95,"column":32}}},"fnMap":{"0":{"name":"detectPitch","decl":{"start":{"line":12,"column":16},"end":{"line":12,"column":27}},"loc":{"start":{"line":12,"column":71},"end":{"line":35,"column":1}}},"1":{"name":"analyzePitch","decl":{"start":{"line":37,"column":16},"end":{"line":37,"column":28}},"loc":{"start":{"line":37,"column":48},"end":{"line":79,"column":1}}},"2":{"name":"(anonymous_2)","decl":{"start":{"line":49,"column":40},"end":{"line":49,"column":41}},"loc":{"start":{"line":49,"column":45},"end":{"line":49,"column":50}}},"3":{"name":"(anonymous_3)","decl":{"start":{"line":62,"column":34},"end":{"line":62,"column":35}},"loc":{"start":{"line":62,"column":44},"end":{"line":62,"column":49}}},"4":{"name":"(anonymous_4)","decl":{"start":{"line":68,"column":39},"end":{"line":68,"column":40}},"loc":{"start":{"line":68,"column":44},"end":{"line":68,"column":64}}},"5":{"name":"(anonymous_5)","decl":{"start":{"line":69,"column":43},"end":{"line":69,"column":44}},"loc":{"start":{"line":69,"column":53},"end":{"line":69,"column":58}}},"6":{"name":"frequencyToNote","decl":{"start":{"line":82,"column":16},"end":{"line":82,"column":31}},"loc":{"start":{"line":82,"column":49},"end":{"line":96,"column":1}}}},"branchMap":{"0":{"loc":{"start":{"line":12,"column":54},"end":{"line":12,"column":71}},"type":"default-arg","locations":[{"start":{"line":12,"column":67},"end":{"line":12,"column":71}}]},"1":{"loc":{"start":{"line":27,"column":4},"end":{"line":31,"column":5}},"type":"if","locations":[{"start":{"line":27,"column":4},"end":{"line":31,"column":5}},{"start":{"line":29,"column":11},"end":{"line":31,"column":5}}]},"2":{"loc":{"start":{"line":38,"column":2},"end":{"line":46,"column":3}},"type":"if","locations":[{"start":{"line":38,"column":2},"end":{"line":46,"column":3}}]},"3":{"loc":{"start":{"line":51,"column":2},"end":{"line":59,"column":3}},"type":"if","locations":[{"start":{"line":51,"column":2},"end":{"line":59,"column":3}}]},"4":{"loc":{"start":{"line":83,"column":2},"end":{"line":83,"column":34}},"type":"if","locations":[{"start":{"line":83,"column":2},"end":{"line":83,"column":34}}]}},"s":{"0":1,"1":1,"2":1,"3":1,"4":2,"5":2,"6":2,"7":2,"8":2,"9":2,"10":84,"11":84,"12":84,"13":42,"14":42,"15":2,"16":2,"17":1,"18":1,"19":100,"20":1,"21":0,"22":1,"23":100,"24":1,"25":1,"26":1,"27":1,"28":100,"29":1,"30":100,"31":1,"32":1,"33":0,"34":0,"35":0,"36":0,"37":0,"38":0,"39":0,"40":0,"41":0},"f":{"0":2,"1":2,"2":100,"3":100,"4":100,"5":100,"6":0},"b":{"0":[2],"1":[42,42],"2":[1],"3":[0],"4":[0]}}
,"/app/karatoken-integrated/ai-services/backend/src/services/realtimeOptimization.ts": {"path":"/app/karatoken-integrated/ai-services/backend/src/services/realtimeOptimization.ts","statementMap":{"0":{"start":{"line":3,"column":0},"end":{"line":7,"column":1}},"1":{"start":{"line":4,"column":2},"end":{"line":4,"column":40}},"2":{"start":{"line":6,"column":2},"end":{"line":6,"column":35}},"3":{"start":{"line":23,"column":16},"end":{"line":23,"column":17}},"4":{"start":{"line":187,"column":10},"end":{"line":187,"column":29}},"5":{"start":{"line":87,"column":4},"end":{"line":92,"column":6}},"6":{"start":{"line":95,"column":4},"end":{"line":95,"column":29}},"7":{"start":{"line":99,"column":4},"end":{"line":104,"column":5}},"8":{"start":{"line":100,"column":6},"end":{"line":100,"column":40}},"9":{"start":{"line":101,"column":6},"end":{"line":101,"column":23}},"10":{"start":{"line":103,"column":6},"end":{"line":103,"column":33}},"11":{"start":{"line":108,"column":4},"end":{"line":110,"column":5}},"12":{"start":{"line":109,"column":6},"end":{"line":109,"column":16}},"13":{"start":{"line":112,"column":77},"end":{"line":112,"column":84}},"14":{"start":{"line":113,"column":35},"end":{"line":113,"column":37}},"15":{"start":{"line":116,"column":4},"end":{"line":145,"column":5}},"16":{"start":{"line":116,"column":23},"end":{"line":116,"column":24}},"17":{"start":{"line":117,"column":26},"end":{"line":117,"column":61}},"18":{"start":{"line":118,"column":31},"end":{"line":118,"column":67}},"19":{"start":{"line":121,"column":6},"end":{"line":142,"column":7}},"20":{"start":{"line":121,"column":19},"end":{"line":121,"column":20}},"21":{"start":{"line":123,"column":22},"end":{"line":123,"column":60}},"22":{"start":{"line":125,"column":45},"end":{"line":125,"column":75}},"23":{"start":{"line":126,"column":8},"end":{"line":126,"column":34}},"24":{"start":{"line":129,"column":41},"end":{"line":129,"column":55}},"25":{"start":{"line":130,"column":8},"end":{"line":132,"column":9}},"26":{"start":{"line":131,"column":10},"end":{"line":131,"column":70}},"27":{"start":{"line":135,"column":8},"end":{"line":135,"column":46}},"28":{"start":{"line":138,"column":8},"end":{"line":141,"column":9}},"29":{"start":{"line":139,"column":27},"end":{"line":139,"column":76}},"30":{"start":{"line":140,"column":10},"end":{"line":140,"column":31}},"31":{"start":{"line":144,"column":6},"end":{"line":144,"column":36}},"32":{"start":{"line":147,"column":4},"end":{"line":147,"column":18}},"33":{"start":{"line":151,"column":4},"end":{"line":184,"column":5}},"34":{"start":{"line":154,"column":10},"end":{"line":156,"column":53}},"35":{"start":{"line":157,"column":8},"end":{"line":157,"column":55}},"36":{"start":{"line":160,"column":23},"end":{"line":160,"column":null}},"37":{"start":{"line":165,"column":8},"end":{"line":165,"column":51}},"38":{"start":{"line":168,"column":23},"end":{"line":168,"column":61}},"39":{"start":{"line":169,"column":8},"end":{"line":169,"column":47}},"40":{"start":{"line":172,"column":23},"end":{"line":172,"column":null}},"41":{"start":{"line":178,"column":8},"end":{"line":178,"column":55}},"42":{"start":{"line":181,"column":8},"end":{"line":181,"column":60}},"43":{"start":{"line":182,"column":8},"end":{"line":182,"column":25}},"44":{"start":{"line":193,"column":17},"end":{"line":193,"column":51}},"45":{"start":{"line":194,"column":24},"end":{"line":194,"column":48}},"46":{"start":{"line":197,"column":20},"end":{"line":200,"column":6}},"47":{"start":{"line":202,"column":20},"end":{"line":202,"column":55}},"48":{"start":{"line":203,"column":4},"end":{"line":203,"column":26}},"49":{"start":{"line":204,"column":4},"end":{"line":204,"column":22}},"50":{"start":{"line":205,"column":4},"end":{"line":205,"column":36}},"51":{"start":{"line":216,"column":18},"end":{"line":216,"column":63}},"52":{"start":{"line":217,"column":20},"end":{"line":217,"column":68}},"53":{"start":{"line":218,"column":20},"end":{"line":218,"column":36}},"54":{"start":{"line":221,"column":25},"end":{"line":221,"column":62}},"55":{"start":{"line":222,"column":16},"end":{"line":222,"column":65}},"56":{"start":{"line":223,"column":16},"end":{"line":223,"column":44}},"57":{"start":{"line":226,"column":4},"end":{"line":228,"column":5}},"58":{"start":{"line":226,"column":17},"end":{"line":226,"column":18}},"59":{"start":{"line":227,"column":6},"end":{"line":227,"column":28}},"60":{"start":{"line":231,"column":4},"end":{"line":236,"column":5}},"61":{"start":{"line":231,"column":17},"end":{"line":231,"column":18}},"62":{"start":{"line":232,"column":6},"end":{"line":232,"column":28}},"63":{"start":{"line":233,"column":6},"end":{"line":235,"column":7}},"64":{"start":{"line":234,"column":8},"end":{"line":234,"column":48}},"65":{"start":{"line":239,"column":19},"end":{"line":239,"column":53}},"66":{"start":{"line":240,"column":4},"end":{"line":242,"column":5}},"67":{"start":{"line":240,"column":17},"end":{"line":240,"column":18}},"68":{"start":{"line":241,"column":6},"end":{"line":241,"column":46}},"69":{"start":{"line":244,"column":4},"end":{"line":246,"column":5}},"70":{"start":{"line":245,"column":6},"end":{"line":245,"column":23}},"71":{"start":{"line":248,"column":4},"end":{"line":248,"column":18}},"72":{"start":{"line":254,"column":23},"end":{"line":254,"column":47}},"73":{"start":{"line":255,"column":19},"end":{"line":255,"column":53}},"74":{"start":{"line":256,"column":18},"end":{"line":256,"column":21}},"75":{"start":{"line":259,"column":13},"end":{"line":259,"column":14}},"76":{"start":{"line":260,"column":13},"end":{"line":260,"column":14}},"77":{"start":{"line":261,"column":18},"end":{"line":261,"column":21}},"78":{"start":{"line":263,"column":4},"end":{"line":269,"column":5}},"79":{"start":{"line":263,"column":17},"end":{"line":263,"column":18}},"80":{"start":{"line":264,"column":16},"end":{"line":264,"column":28}},"81":{"start":{"line":265,"column":16},"end":{"line":265,"column":63}},"82":{"start":{"line":266,"column":6},"end":{"line":266,"column":28}},"83":{"start":{"line":267,"column":6},"end":{"line":267,"column":13}},"84":{"start":{"line":268,"column":6},"end":{"line":268,"column":13}},"85":{"start":{"line":271,"column":4},"end":{"line":271,"column":18}},"86":{"start":{"line":283,"column":22},"end":{"line":283,"column":45}},"87":{"start":{"line":284,"column":18},"end":{"line":284,"column":35}},"88":{"start":{"line":285,"column":19},"end":{"line":285,"column":41}},"89":{"start":{"line":286,"column":20},"end":{"line":286,"column":42}},"90":{"start":{"line":289,"column":19},"end":{"line":289,"column":53}},"91":{"start":{"line":290,"column":19},"end":{"line":290,"column":20}},"92":{"start":{"line":291,"column":23},"end":{"line":291,"column":64}},"93":{"start":{"line":292,"column":24},"end":{"line":292,"column":66}},"94":{"start":{"line":294,"column":4},"end":{"line":313,"column":5}},"95":{"start":{"line":294,"column":17},"end":{"line":294,"column":18}},"96":{"start":{"line":295,"column":20},"end":{"line":295,"column":42}},"97":{"start":{"line":297,"column":6},"end":{"line":301,"column":7}},"98":{"start":{"line":298,"column":8},"end":{"line":298,"column":68}},"99":{"start":{"line":300,"column":8},"end":{"line":300,"column":70}},"100":{"start":{"line":304,"column":20},"end":{"line":304,"column":45}},"101":{"start":{"line":307,"column":6},"end":{"line":312,"column":7}},"102":{"start":{"line":308,"column":23},"end":{"line":308,"column":60}},"103":{"start":{"line":309,"column":8},"end":{"line":309,"column":61}},"104":{"start":{"line":311,"column":8},"end":{"line":311,"column":33}},"105":{"start":{"line":315,"column":4},"end":{"line":315,"column":18}},"106":{"start":{"line":83,"column":0},"end":{"line":83,"column":13}}},"fnMap":{"0":{"name":"(anonymous_0)","decl":{"start":{"line":86,"column":2},"end":{"line":86,"column":14}},"loc":{"start":{"line":86,"column":56},"end":{"line":96,"column":3}}},"1":{"name":"(anonymous_1)","decl":{"start":{"line":98,"column":10},"end":{"line":98,"column":15}},"loc":{"start":{"line":98,"column":33},"end":{"line":105,"column":3}}},"2":{"name":"(anonymous_2)","decl":{"start":{"line":107,"column":2},"end":{"line":107,"column":7}},"loc":{"start":{"line":107,"column":70},"end":{"line":148,"column":3}}},"3":{"name":"(anonymous_3)","decl":{"start":{"line":150,"column":10},"end":{"line":150,"column":15}},"loc":{"start":{"line":150,"column":72},"end":{"line":185,"column":3}}},"4":{"name":"(anonymous_4)","decl":{"start":{"line":189,"column":10},"end":{"line":189,"column":15}},"loc":{"start":{"line":191,"column":52},"end":{"line":206,"column":3}}},"5":{"name":"(anonymous_5)","decl":{"start":{"line":208,"column":10},"end":{"line":208,"column":15}},"loc":{"start":{"line":214,"column":10},"end":{"line":249,"column":3}}},"6":{"name":"(anonymous_6)","decl":{"start":{"line":251,"column":10},"end":{"line":251,"column":17}},"loc":{"start":{"line":251,"column":78},"end":{"line":272,"column":3}}},"7":{"name":"(anonymous_7)","decl":{"start":{"line":274,"column":10},"end":{"line":274,"column":15}},"loc":{"start":{"line":281,"column":10},"end":{"line":316,"column":3}}}},"branchMap":{"0":{"loc":{"start":{"line":3,"column":0},"end":{"line":7,"column":1}},"type":"if","locations":[{"start":{"line":3,"column":0},"end":{"line":7,"column":1}},{"start":{"line":5,"column":7},"end":{"line":7,"column":1}}]},"1":{"loc":{"start":{"line":86,"column":14},"end":{"line":86,"column":56}},"type":"default-arg","locations":[{"start":{"line":86,"column":54},"end":{"line":86,"column":56}}]},"2":{"loc":{"start":{"line":88,"column":18},"end":{"line":88,"column":44}},"type":"binary-expr","locations":[{"start":{"line":88,"column":18},"end":{"line":88,"column":35}},{"start":{"line":88,"column":39},"end":{"line":88,"column":44}}]},"3":{"loc":{"start":{"line":89,"column":18},"end":{"line":89,"column":43}},"type":"binary-expr","locations":[{"start":{"line":89,"column":18},"end":{"line":89,"column":35}},{"start":{"line":89,"column":39},"end":{"line":89,"column":43}}]},"4":{"loc":{"start":{"line":90,"column":19},"end":{"line":90,"column":42}},"type":"binary-expr","locations":[{"start":{"line":90,"column":19},"end":{"line":90,"column":37}},{"start":{"line":90,"column":41},"end":{"line":90,"column":42}}]},"5":{"loc":{"start":{"line":91,"column":14},"end":{"line":91,"column":64}},"type":"cond-expr","locations":[{"start":{"line":91,"column":44},"end":{"line":91,"column":57}},{"start":{"line":91,"column":60},"end":{"line":91,"column":64}}]},"6":{"loc":{"start":{"line":99,"column":4},"end":{"line":104,"column":5}},"type":"if","locations":[{"start":{"line":99,"column":4},"end":{"line":104,"column":5}},{"start":{"line":102,"column":11},"end":{"line":104,"column":5}}]},"7":{"loc":{"start":{"line":107,"column":42},"end":{"line":107,"column":70}},"type":"default-arg","locations":[{"start":{"line":107,"column":68},"end":{"line":107,"column":70}}]},"8":{"loc":{"start":{"line":108,"column":4},"end":{"line":110,"column":5}},"type":"if","locations":[{"start":{"line":108,"column":4},"end":{"line":110,"column":5}}]},"9":{"loc":{"start":{"line":112,"column":24},"end":{"line":112,"column":58}},"type":"default-arg","locations":[{"start":{"line":112,"column":36},"end":{"line":112,"column":58}}]},"10":{"loc":{"start":{"line":112,"column":60},"end":{"line":112,"column":72}},"type":"default-arg","locations":[{"start":{"line":112,"column":70},"end":{"line":112,"column":72}}]},"11":{"loc":{"start":{"line":138,"column":8},"end":{"line":141,"column":9}},"type":"if","locations":[{"start":{"line":138,"column":8},"end":{"line":141,"column":9}}]},"12":{"loc":{"start":{"line":151,"column":4},"end":{"line":184,"column":5}},"type":"switch","locations":[{"start":{"line":152,"column":6},"end":{"line":158,"column":7}},{"start":{"line":159,"column":6},"end":{"line":166,"column":7}},{"start":{"line":167,"column":6},"end":{"line":170,"column":7}},{"start":{"line":171,"column":6},"end":{"line":179,"column":7}},{"start":{"line":180,"column":6},"end":{"line":183,"column":7}}]},"13":{"loc":{"start":{"line":154,"column":10},"end":{"line":156,"column":53}},"type":"cond-expr","locations":[{"start":{"line":155,"column":14},"end":{"line":155,"column":41}},{"start":{"line":156,"column":15},"end":{"line":156,"column":53}}]},"14":{"loc":{"start":{"line":191,"column":4},"end":{"line":191,"column":52}},"type":"default-arg","locations":[{"start":{"line":191,"column":36},"end":{"line":191,"column":52}}]},"15":{"loc":{"start":{"line":210,"column":4},"end":{"line":214,"column":10}},"type":"default-arg","locations":[{"start":{"line":214,"column":8},"end":{"line":214,"column":10}}]},"16":{"loc":{"start":{"line":216,"column":42},"end":{"line":216,"column":61}},"type":"binary-expr","locations":[{"start":{"line":216,"column":42},"end":{"line":216,"column":54}},{"start":{"line":216,"column":58},"end":{"line":216,"column":61}}]},"17":{"loc":{"start":{"line":217,"column":47},"end":{"line":217,"column":66}},"type":"binary-expr","locations":[{"start":{"line":217,"column":47},"end":{"line":217,"column":61}},{"start":{"line":217,"column":65},"end":{"line":217,"column":66}}]},"18":{"loc":{"start":{"line":233,"column":6},"end":{"line":235,"column":7}},"type":"if","locations":[{"start":{"line":233,"column":6},"end":{"line":235,"column":7}}]},"19":{"loc":{"start":{"line":244,"column":4},"end":{"line":246,"column":5}},"type":"if","locations":[{"start":{"line":244,"column":4},"end":{"line":246,"column":5}}]},"20":{"loc":{"start":{"line":251,"column":43},"end":{"line":251,"column":78}},"type":"default-arg","locations":[{"start":{"line":251,"column":76},"end":{"line":251,"column":78}}]},"21":{"loc":{"start":{"line":254,"column":23},"end":{"line":254,"column":47}},"type":"binary-expr","locations":[{"start":{"line":254,"column":23},"end":{"line":254,"column":39}},{"start":{"line":254,"column":43},"end":{"line":254,"column":47}}]},"22":{"loc":{"start":{"line":276,"column":4},"end":{"line":281,"column":10}},"type":"default-arg","locations":[{"start":{"line":281,"column":8},"end":{"line":281,"column":10}}]},"23":{"loc":{"start":{"line":283,"column":22},"end":{"line":283,"column":45}},"type":"binary-expr","locations":[{"start":{"line":283,"column":22},"end":{"line":283,"column":38}},{"start":{"line":283,"column":42},"end":{"line":283,"column":45}}]},"24":{"loc":{"start":{"line":284,"column":18},"end":{"line":284,"column":35}},"type":"binary-expr","locations":[{"start":{"line":284,"column":18},"end":{"line":284,"column":30}},{"start":{"line":284,"column":34},"end":{"line":284,"column":35}}]},"25":{"loc":{"start":{"line":285,"column":19},"end":{"line":285,"column":41}},"type":"binary-expr","locations":[{"start":{"line":285,"column":19},"end":{"line":285,"column":32}},{"start":{"line":285,"column":36},"end":{"line":285,"column":41}}]},"26":{"loc":{"start":{"line":286,"column":20},"end":{"line":286,"column":42}},"type":"binary-expr","locations":[{"start":{"line":286,"column":20},"end":{"line":286,"column":34}},{"start":{"line":286,"column":38},"end":{"line":286,"column":42}}]},"27":{"loc":{"start":{"line":297,"column":6},"end":{"line":301,"column":7}},"type":"if","locations":[{"start":{"line":297,"column":6},"end":{"line":301,"column":7}},{"start":{"line":299,"column":13},"end":{"line":301,"column":7}}]},"28":{"loc":{"start":{"line":307,"column":6},"end":{"line":312,"column":7}},"type":"if","locations":[{"start":{"line":307,"column":6},"end":{"line":312,"column":7}},{"start":{"line":310,"column":13},"end":{"line":312,"column":7}}]}},"s":{"0":0,"1":0,"2":0,"3":0,"4":0,"5":0,"6":0,"7":0,"8":0,"9":0,"10":0,"11":0,"12":0,"13":0,"14":0,"15":0,"16":0,"17":0,"18":0,"19":0,"20":0,"21":0,"22":0,"23":0,"24":0,"25":0,"26":0,"27":0,"28":0,"29":0,"30":0,"31":0,"32":0,"33":0,"34":0,"35":0,"36":0,"37":0,"38":0,"39":0,"40":0,"41":0,"42":0,"43":0,"44":0,"45":0,"46":0,"47":0,"48":0,"49":0,"50":0,"51":0,"52":0,"53":0,"54":0,"55":0,"56":0,"57":0,"58":0,"59":0,"60":0,"61":0,"62":0,"63":0,"64":0,"65":0,"66":0,"67":0,"68":0,"69":0,"70":0,"71":0,"72":0,"73":0,"74":0,"75":0,"76":0,"77":0,"78":0,"79":0,"80":0,"81":0,"82":0,"83":0,"84":0,"85":0,"86":0,"87":0,"88":0,"89":0,"90":0,"91":0,"92":0,"93":0,"94":0,"95":0,"96":0,"97":0,"98":0,"99":0,"100":0,"101":0,"102":0,"103":0,"104":0,"105":0,"106":0},"f":{"0":0,"1":0,"2":0,"3":0,"4":0,"5":0,"6":0,"7":0},"b":{"0":[0,0],"1":[0],"2":[0,0],"3":[0,0],"4":[0,0],"5":[0,0],"6":[0,0],"7":[0],"8":[0],"9":[0],"10":[0],"11":[0],"12":[0,0,0,0,0],"13":[0,0],"14":[0],"15":[0],"16":[0,0],"17":[0,0],"18":[0],"19":[0],"20":[0],"21":[0,0],"22":[0],"23":[0,0],"24":[0,0],"25":[0,0],"26":[0,0],"27":[0,0],"28":[0,0]}}
,"/app/karatoken-integrated/ai-services/backend/src/services/whisper.ts": {"path":"/app/karatoken-integrated/ai-services/backend/src/services/whisper.ts","statementMap":{"0":{"start":{"line":15,"column":0},"end":{"line":15,"column":7}},"1":{"start":{"line":69,"column":0},"end":{"line":69,"column":16}},"2":{"start":{"line":1,"column":0},"end":{"line":1,"column":20}},"3":{"start":{"line":2,"column":0},"end":{"line":2,"column":24}},"4":{"start":{"line":3,"column":0},"end":{"line":3,"column":33}},"5":{"start":{"line":4,"column":0},"end":{"line":4,"column":39}},"6":{"start":{"line":6,"column":18},"end":{"line":6,"column":41}},"7":{"start":{"line":20,"column":2},"end":{"line":22,"column":3}},"8":{"start":{"line":21,"column":4},"end":{"line":21,"column":44}},"9":{"start":{"line":25,"column":25},"end":{"line":31,"column":4}},"10":{"start":{"line":33,"column":2},"end":{"line":65,"column":3}},"11":{"start":{"line":35,"column":22},"end":{"line":35,"column":53}},"12":{"start":{"line":36,"column":4},"end":{"line":38,"column":5}},"13":{"start":{"line":37,"column":6},"end":{"line":37,"column":51}},"14":{"start":{"line":40,"column":23},"end":{"line":42,"column":null}},"15":{"start":{"line":46,"column":4},"end":{"line":49,"column":7}},"16":{"start":{"line":52,"column":26},"end":{"line":52,"column":62}},"17":{"start":{"line":55,"column":4},"end":{"line":59,"column":5}},"18":{"start":{"line":56,"column":6},"end":{"line":56,"column":32}},"19":{"start":{"line":58,"column":6},"end":{"line":58,"column":74}},"20":{"start":{"line":61,"column":4},"end":{"line":61,"column":25}},"21":{"start":{"line":63,"column":4},"end":{"line":63,"column":50}},"22":{"start":{"line":64,"column":4},"end":{"line":64,"column":62}},"23":{"start":{"line":70,"column":16},"end":{"line":70,"column":38}},"24":{"start":{"line":71,"column":29},"end":{"line":71,"column":31}},"25":{"start":{"line":73,"column":2},"end":{"line":87,"column":3}},"26":{"start":{"line":73,"column":15},"end":{"line":73,"column":16}},"27":{"start":{"line":74,"column":4},"end":{"line":74,"column":32}},"28":{"start":{"line":74,"column":23},"end":{"line":74,"column":32}},"29":{"start":{"line":77,"column":22},"end":{"line":77,"column":52}},"30":{"start":{"line":78,"column":17},"end":{"line":78,"column":35}},"31":{"start":{"line":81,"column":23},"end":{"line":81,"column":43}},"32":{"start":{"line":82,"column":38},"end":{"line":82,"column":69}},"33":{"start":{"line":83,"column":25},"end":{"line":83,"column":62}},"34":{"start":{"line":84,"column":20},"end":{"line":84,"column":204}},"35":{"start":{"line":86,"column":4},"end":{"line":86,"column":39}},"36":{"start":{"line":89,"column":2},"end":{"line":89,"column":29}}},"fnMap":{"0":{"name":"transcribeAudio","decl":{"start":{"line":15,"column":22},"end":{"line":15,"column":37}},"loc":{"start":{"line":17,"column":36},"end":{"line":66,"column":1}}},"1":{"name":"srtToLrc","decl":{"start":{"line":69,"column":16},"end":{"line":69,"column":24}},"loc":{"start":{"line":69,"column":43},"end":{"line":90,"column":1}}}},"branchMap":{"0":{"loc":{"start":{"line":17,"column":2},"end":{"line":17,"column":36}},"type":"default-arg","locations":[{"start":{"line":17,"column":34},"end":{"line":17,"column":36}}]},"1":{"loc":{"start":{"line":20,"column":2},"end":{"line":22,"column":3}},"type":"if","locations":[{"start":{"line":20,"column":2},"end":{"line":22,"column":3}}]},"2":{"loc":{"start":{"line":36,"column":4},"end":{"line":38,"column":5}},"type":"if","locations":[{"start":{"line":36,"column":4},"end":{"line":38,"column":5}}]},"3":{"loc":{"start":{"line":74,"column":4},"end":{"line":74,"column":32}},"type":"if","locations":[{"start":{"line":74,"column":4},"end":{"line":74,"column":32}}]},"4":{"loc":{"start":{"line":78,"column":17},"end":{"line":78,"column":35}},"type":"binary-expr","locations":[{"start":{"line":78,"column":17},"end":{"line":78,"column":29}},{"start":{"line":78,"column":33},"end":{"line":78,"column":35}}]}},"s":{"0":1,"1":1,"2":1,"3":1,"4":1,"5":1,"6":1,"7":2,"8":1,"9":1,"10":1,"11":1,"12":1,"13":0,"14":1,"15":1,"16":1,"17":1,"18":1,"19":0,"20":1,"21":0,"22":0,"23":0,"24":0,"25":0,"26":0,"27":0,"28":0,"29":0,"30":0,"31":0,"32":0,"33":0,"34":0,"35":0,"36":0},"f":{"0":2,"1":0},"b":{"0":[2],"1":[1],"2":[0],"3":[0],"4":[0,0]}}
}
