{"C:\\Users\\danjo\\Documents\\GitHub\\ultrastar-worldparty\\karatoken-integrated\\ai-services\\backend\\.commitlintrc.js": {"path":"C:\\Users\\danjo\\Documents\\GitHub\\ultrastar-worldparty\\karatoken-integrated\\ai-services\\backend\\.commitlintrc.js","statementMap":{"0":{"start":{"line":1,"column":0},"end":{"line":36,"column":2}}},"fnMap":{},"branchMap":{},"s":{"0":0},"f":{},"b":{}}
,"C:\\Users\\danjo\\Documents\\GitHub\\ultrastar-worldparty\\karatoken-integrated\\ai-services\\backend\\.eslintrc.js": {"path":"C:\\Users\\danjo\\Documents\\GitHub\\ultrastar-worldparty\\karatoken-integrated\\ai-services\\backend\\.eslintrc.js","statementMap":{"0":{"start":{"line":1,"column":0},"end":{"line":56,"column":2}}},"fnMap":{},"branchMap":{},"s":{"0":0},"f":{},"b":{}}
,"C:\\Users\\danjo\\Documents\\GitHub\\ultrastar-worldparty\\karatoken-integrated\\ai-services\\backend\\debug-server.js": {"path":"C:\\Users\\danjo\\Documents\\GitHub\\ultrastar-worldparty\\karatoken-integrated\\ai-services\\backend\\debug-server.js","statementMap":{"0":{"start":{"line":2,"column":0},"end":{"line":2,"column":24}},"1":{"start":{"line":3,"column":14},"end":{"line":3,"column":40}},"2":{"start":{"line":4,"column":16},"end":{"line":4,"column":34}},"3":{"start":{"line":5,"column":13},"end":{"line":5,"column":28}},"4":{"start":{"line":6,"column":11},"end":{"line":6,"column":24}},"5":{"start":{"line":8,"column":12},"end":{"line":8,"column":21}},"6":{"start":{"line":9,"column":13},"end":{"line":9,"column":17}},"7":{"start":{"line":12,"column":21},"end":{"line":12,"column":56}},"8":{"start":{"line":13,"column":16},"end":{"line":13,"column":46}},"9":{"start":{"line":16,"column":0},"end":{"line":16,"column":43}},"10":{"start":{"line":17,"column":0},"end":{"line":17,"column":47}},"11":{"start":{"line":18,"column":0},"end":{"line":18,"column":27}},"12":{"start":{"line":19,"column":0},"end":{"line":19,"column":43}},"13":{"start":{"line":20,"column":0},"end":{"line":20,"column":39}},"14":{"start":{"line":23,"column":0},"end":{"line":33,"column":1}},"15":{"start":{"line":24,"column":17},"end":{"line":24,"column":39}},"16":{"start":{"line":25,"column":2},"end":{"line":25,"column":47}},"17":{"start":{"line":27,"column":2},"end":{"line":29,"column":3}},"18":{"start":{"line":28,"column":4},"end":{"line":28,"column":68}},"19":{"start":{"line":31,"column":2},"end":{"line":31,"column":54}},"20":{"start":{"line":32,"column":2},"end":{"line":32,"column":18}},"21":{"start":{"line":36,"column":0},"end":{"line":39,"column":3}},"22":{"start":{"line":37,"column":2},"end":{"line":37,"column":70}},"23":{"start":{"line":38,"column":2},"end":{"line":38,"column":9}},"24":{"start":{"line":42,"column":0},"end":{"line":42,"column":33}},"25":{"start":{"line":45,"column":0},"end":{"line":47,"column":3}},"26":{"start":{"line":46,"column":2},"end":{"line":46,"column":66}},"27":{"start":{"line":50,"column":15},"end":{"line":54,"column":2}},"28":{"start":{"line":51,"column":2},"end":{"line":51,"column":60}},"29":{"start":{"line":52,"column":2},"end":{"line":52,"column":63}},"30":{"start":{"line":53,"column":2},"end":{"line":53,"column":70}},"31":{"start":{"line":57,"column":0},"end":{"line":64,"column":3}},"32":{"start":{"line":58,"column":2},"end":{"line":62,"column":3}},"33":{"start":{"line":59,"column":4},"end":{"line":59,"column":52}},"34":{"start":{"line":61,"column":4},"end":{"line":61,"column":42}},"35":{"start":{"line":63,"column":2},"end":{"line":63,"column":18}},"36":{"start":{"line":67,"column":0},"end":{"line":70,"column":3}},"37":{"start":{"line":68,"column":2},"end":{"line":68,"column":44}},"38":{"start":{"line":69,"column":2},"end":{"line":69,"column":18}}},"fnMap":{"0":{"name":"(anonymous_0)","decl":{"start":{"line":36,"column":8},"end":{"line":36,"column":9}},"loc":{"start":{"line":36,"column":28},"end":{"line":39,"column":1}},"line":36},"1":{"name":"(anonymous_1)","decl":{"start":{"line":45,"column":19},"end":{"line":45,"column":20}},"loc":{"start":{"line":45,"column":33},"end":{"line":47,"column":1}},"line":45},"2":{"name":"(anonymous_2)","decl":{"start":{"line":50,"column":43},"end":{"line":50,"column":44}},"loc":{"start":{"line":50,"column":49},"end":{"line":54,"column":1}},"line":50},"3":{"name":"(anonymous_3)","decl":{"start":{"line":57,"column":19},"end":{"line":57,"column":20}},"loc":{"start":{"line":57,"column":30},"end":{"line":64,"column":1}},"line":57},"4":{"name":"(anonymous_4)","decl":{"start":{"line":67,"column":32},"end":{"line":67,"column":33}},"loc":{"start":{"line":67,"column":41},"end":{"line":70,"column":1}},"line":67}},"branchMap":{"0":{"loc":{"start":{"line":27,"column":2},"end":{"line":29,"column":3}},"type":"if","locations":[{"start":{"line":27,"column":2},"end":{"line":29,"column":3}},{"start":{},"end":{}}],"line":27},"1":{"loc":{"start":{"line":58,"column":2},"end":{"line":62,"column":3}},"type":"if","locations":[{"start":{"line":58,"column":2},"end":{"line":62,"column":3}},{"start":{"line":60,"column":9},"end":{"line":62,"column":3}}],"line":58}},"s":{"0":0,"1":0,"2":0,"3":0,"4":0,"5":0,"6":0,"7":0,"8":0,"9":0,"10":0,"11":0,"12":0,"13":0,"14":0,"15":0,"16":0,"17":0,"18":0,"19":0,"20":0,"21":0,"22":0,"23":0,"24":0,"25":0,"26":0,"27":0,"28":0,"29":0,"30":0,"31":0,"32":0,"33":0,"34":0,"35":0,"36":0,"37":0,"38":0},"f":{"0":0,"1":0,"2":0,"3":0,"4":0},"b":{"0":[0,0],"1":[0,0]}}
,"C:\\Users\\danjo\\Documents\\GitHub\\ultrastar-worldparty\\karatoken-integrated\\ai-services\\backend\\index-new.js": {"path":"C:\\Users\\danjo\\Documents\\GitHub\\ultrastar-worldparty\\karatoken-integrated\\ai-services\\backend\\index-new.js","statementMap":{"0":{"start":{"line":1,"column":0},"end":{"line":1,"column":27}},"1":{"start":{"line":2,"column":16},"end":{"line":2,"column":34}},"2":{"start":{"line":3,"column":13},"end":{"line":3,"column":28}},"3":{"start":{"line":4,"column":21},"end":{"line":4,"column":45}},"4":{"start":{"line":5,"column":15},"end":{"line":5,"column":32}},"5":{"start":{"line":6,"column":13},"end":{"line":6,"column":28}},"6":{"start":{"line":7,"column":11},"end":{"line":7,"column":24}},"7":{"start":{"line":9,"column":12},"end":{"line":9,"column":21}},"8":{"start":{"line":12,"column":0},"end":{"line":12,"column":51}},"9":{"start":{"line":13,"column":0},"end":{"line":13,"column":24}},"10":{"start":{"line":14,"column":0},"end":{"line":14,"column":24}},"11":{"start":{"line":15,"column":0},"end":{"line":15,"column":23}},"12":{"start":{"line":18,"column":21},"end":{"line":18,"column":56}},"13":{"start":{"line":19,"column":16},"end":{"line":19,"column":46}},"14":{"start":{"line":22,"column":0},"end":{"line":25,"column":1}},"15":{"start":{"line":23,"column":2},"end":{"line":23,"column":65}},"16":{"start":{"line":24,"column":2},"end":{"line":24,"column":18}},"17":{"start":{"line":27,"column":0},"end":{"line":27,"column":49}},"18":{"start":{"line":28,"column":0},"end":{"line":28,"column":33}},"19":{"start":{"line":31,"column":0},"end":{"line":37,"column":3}},"20":{"start":{"line":32,"column":2},"end":{"line":36,"column":5}},"21":{"start":{"line":40,"column":0},"end":{"line":42,"column":3}},"22":{"start":{"line":41,"column":2},"end":{"line":41,"column":49}},"23":{"start":{"line":45,"column":13},"end":{"line":45,"column":37}},"24":{"start":{"line":46,"column":0},"end":{"line":50,"column":3}},"25":{"start":{"line":47,"column":2},"end":{"line":47,"column":60}},"26":{"start":{"line":48,"column":2},"end":{"line":48,"column":43}},"27":{"start":{"line":49,"column":2},"end":{"line":49,"column":63}}},"fnMap":{"0":{"name":"(anonymous_0)","decl":{"start":{"line":31,"column":19},"end":{"line":31,"column":20}},"loc":{"start":{"line":31,"column":33},"end":{"line":37,"column":1}},"line":31},"1":{"name":"(anonymous_1)","decl":{"start":{"line":40,"column":13},"end":{"line":40,"column":14}},"loc":{"start":{"line":40,"column":27},"end":{"line":42,"column":1}},"line":40},"2":{"name":"(anonymous_2)","decl":{"start":{"line":46,"column":28},"end":{"line":46,"column":29}},"loc":{"start":{"line":46,"column":34},"end":{"line":50,"column":1}},"line":46}},"branchMap":{"0":{"loc":{"start":{"line":22,"column":0},"end":{"line":25,"column":1}},"type":"if","locations":[{"start":{"line":22,"column":0},"end":{"line":25,"column":1}},{"start":{},"end":{}}],"line":22},"1":{"loc":{"start":{"line":45,"column":13},"end":{"line":45,"column":37}},"type":"binary-expr","locations":[{"start":{"line":45,"column":13},"end":{"line":45,"column":29}},{"start":{"line":45,"column":33},"end":{"line":45,"column":37}}],"line":45}},"s":{"0":0,"1":0,"2":0,"3":0,"4":0,"5":0,"6":0,"7":0,"8":0,"9":0,"10":0,"11":0,"12":0,"13":0,"14":0,"15":0,"16":0,"17":0,"18":0,"19":0,"20":0,"21":0,"22":0,"23":0,"24":0,"25":0,"26":0,"27":0},"f":{"0":0,"1":0,"2":0},"b":{"0":[0,0],"1":[0,0]}}
,"C:\\Users\\danjo\\Documents\\GitHub\\ultrastar-worldparty\\karatoken-integrated\\ai-services\\backend\\index.js": {"path":"C:\\Users\\danjo\\Documents\\GitHub\\ultrastar-worldparty\\karatoken-integrated\\ai-services\\backend\\index.js","statementMap":{"0":{"start":{"line":1,"column":0},"end":{"line":1,"column":27}},"1":{"start":{"line":2,"column":16},"end":{"line":2,"column":34}},"2":{"start":{"line":3,"column":13},"end":{"line":3,"column":28}},"3":{"start":{"line":4,"column":21},"end":{"line":4,"column":45}},"4":{"start":{"line":5,"column":15},"end":{"line":5,"column":32}},"5":{"start":{"line":6,"column":13},"end":{"line":6,"column":28}},"6":{"start":{"line":8,"column":12},"end":{"line":8,"column":21}},"7":{"start":{"line":10,"column":0},"end":{"line":10,"column":51}},"8":{"start":{"line":11,"column":0},"end":{"line":11,"column":24}},"9":{"start":{"line":12,"column":0},"end":{"line":12,"column":24}},"10":{"start":{"line":13,"column":0},"end":{"line":13,"column":23}},"11":{"start":{"line":16,"column":21},"end":{"line":16,"column":77}},"12":{"start":{"line":17,"column":16},"end":{"line":17,"column":46}},"13":{"start":{"line":18,"column":0},"end":{"line":18,"column":43}},"14":{"start":{"line":19,"column":0},"end":{"line":19,"column":39}},"15":{"start":{"line":20,"column":0},"end":{"line":20,"column":83}},"16":{"start":{"line":21,"column":0},"end":{"line":21,"column":38}},"17":{"start":{"line":22,"column":0},"end":{"line":22,"column":49}},"18":{"start":{"line":25,"column":0},"end":{"line":27,"column":3}},"19":{"start":{"line":26,"column":2},"end":{"line":26,"column":49}},"20":{"start":{"line":30,"column":16},"end":{"line":30,"column":50}},"21":{"start":{"line":31,"column":0},"end":{"line":31,"column":41}},"22":{"start":{"line":32,"column":0},"end":{"line":32,"column":49}},"23":{"start":{"line":34,"column":13},"end":{"line":34,"column":69}},"24":{"start":{"line":37,"column":0},"end":{"line":39,"column":3}},"25":{"start":{"line":38,"column":2},"end":{"line":38,"column":91}},"26":{"start":{"line":43,"column":12},"end":{"line":43,"column":51}},"27":{"start":{"line":44,"column":2},"end":{"line":44,"column":59}},"28":{"start":{"line":44,"column":27},"end":{"line":44,"column":59}},"29":{"start":{"line":45,"column":2},"end":{"line":45,"column":11}},"30":{"start":{"line":47,"column":0},"end":{"line":59,"column":3}},"31":{"start":{"line":48,"column":2},"end":{"line":58,"column":3}},"32":{"start":{"line":49,"column":16},"end":{"line":49,"column":35}},"33":{"start":{"line":50,"column":21},"end":{"line":50,"column":43}},"34":{"start":{"line":51,"column":4},"end":{"line":55,"column":7}},"35":{"start":{"line":52,"column":6},"end":{"line":54,"column":7}},"36":{"start":{"line":53,"column":8},"end":{"line":53,"column":91}},"37":{"start":{"line":53,"column":30},"end":{"line":53,"column":91}},"38":{"start":{"line":57,"column":4},"end":{"line":57,"column":80}},"39":{"start":{"line":63,"column":0},"end":{"line":69,"column":3}},"40":{"start":{"line":64,"column":33},"end":{"line":64,"column":42}},"41":{"start":{"line":65,"column":2},"end":{"line":67,"column":3}},"42":{"start":{"line":66,"column":4},"end":{"line":66,"column":54}},"43":{"start":{"line":68,"column":2},"end":{"line":68,"column":59}},"44":{"start":{"line":72,"column":22},"end":{"line":72,"column":49}},"45":{"start":{"line":73,"column":0},"end":{"line":73,"column":39}},"46":{"start":{"line":76,"column":20},"end":{"line":76,"column":45}},"47":{"start":{"line":77,"column":0},"end":{"line":77,"column":35}},"48":{"start":{"line":79,"column":0},"end":{"line":82,"column":3}},"49":{"start":{"line":81,"column":2},"end":{"line":81,"column":51}}},"fnMap":{"0":{"name":"(anonymous_0)","decl":{"start":{"line":25,"column":13},"end":{"line":25,"column":14}},"loc":{"start":{"line":25,"column":27},"end":{"line":27,"column":1}},"line":25},"1":{"name":"(anonymous_1)","decl":{"start":{"line":37,"column":19},"end":{"line":37,"column":20}},"loc":{"start":{"line":37,"column":33},"end":{"line":39,"column":1}},"line":37},"2":{"name":"safeJoin","decl":{"start":{"line":42,"column":9},"end":{"line":42,"column":17}},"loc":{"start":{"line":42,"column":32},"end":{"line":46,"column":1}},"line":42},"3":{"name":"(anonymous_3)","decl":{"start":{"line":47,"column":17},"end":{"line":47,"column":18}},"loc":{"start":{"line":47,"column":31},"end":{"line":59,"column":1}},"line":47},"4":{"name":"(anonymous_4)","decl":{"start":{"line":51,"column":59},"end":{"line":51,"column":60}},"loc":{"start":{"line":51,"column":68},"end":{"line":55,"column":5}},"line":51},"5":{"name":"(anonymous_5)","decl":{"start":{"line":63,"column":33},"end":{"line":63,"column":34}},"loc":{"start":{"line":63,"column":47},"end":{"line":69,"column":1}},"line":63},"6":{"name":"(anonymous_6)","decl":{"start":{"line":79,"column":17},"end":{"line":79,"column":18}},"loc":{"start":{"line":79,"column":23},"end":{"line":82,"column":1}},"line":79}},"branchMap":{"0":{"loc":{"start":{"line":20,"column":33},"end":{"line":20,"column":81}},"type":"cond-expr","locations":[{"start":{"line":20,"column":69},"end":{"line":20,"column":74}},{"start":{"line":20,"column":77},"end":{"line":20,"column":81}}],"line":20},"1":{"loc":{"start":{"line":34,"column":13},"end":{"line":34,"column":69}},"type":"cond-expr","locations":[{"start":{"line":34,"column":32},"end":{"line":34,"column":62}},{"start":{"line":34,"column":65},"end":{"line":34,"column":69}}],"line":34},"2":{"loc":{"start":{"line":44,"column":2},"end":{"line":44,"column":59}},"type":"if","locations":[{"start":{"line":44,"column":2},"end":{"line":44,"column":59}},{"start":{},"end":{}}],"line":44},"3":{"loc":{"start":{"line":49,"column":16},"end":{"line":49,"column":35}},"type":"binary-expr","locations":[{"start":{"line":49,"column":16},"end":{"line":49,"column":29}},{"start":{"line":49,"column":33},"end":{"line":49,"column":35}}],"line":49},"4":{"loc":{"start":{"line":52,"column":6},"end":{"line":54,"column":7}},"type":"if","locations":[{"start":{"line":52,"column":6},"end":{"line":54,"column":7}},{"start":{},"end":{}}],"line":52},"5":{"loc":{"start":{"line":53,"column":8},"end":{"line":53,"column":91}},"type":"if","locations":[{"start":{"line":53,"column":8},"end":{"line":53,"column":91}},{"start":{},"end":{}}],"line":53},"6":{"loc":{"start":{"line":57,"column":52},"end":{"line":57,"column":76}},"type":"binary-expr","locations":[{"start":{"line":57,"column":52},"end":{"line":57,"column":62}},{"start":{"line":57,"column":66},"end":{"line":57,"column":76}}],"line":57},"7":{"loc":{"start":{"line":65,"column":2},"end":{"line":67,"column":3}},"type":"if","locations":[{"start":{"line":65,"column":2},"end":{"line":67,"column":3}},{"start":{},"end":{}}],"line":65}},"s":{"0":0,"1":0,"2":0,"3":0,"4":0,"5":0,"6":0,"7":0,"8":0,"9":0,"10":0,"11":0,"12":0,"13":0,"14":0,"15":0,"16":0,"17":0,"18":0,"19":0,"20":0,"21":0,"22":0,"23":0,"24":0,"25":0,"26":0,"27":0,"28":0,"29":0,"30":0,"31":0,"32":0,"33":0,"34":0,"35":0,"36":0,"37":0,"38":0,"39":0,"40":0,"41":0,"42":0,"43":0,"44":0,"45":0,"46":0,"47":0,"48":0,"49":0},"f":{"0":0,"1":0,"2":0,"3":0,"4":0,"5":0,"6":0},"b":{"0":[0,0],"1":[0,0],"2":[0,0],"3":[0,0],"4":[0,0],"5":[0,0],"6":[0,0],"7":[0,0]}}
,"C:\\Users\\danjo\\Documents\\GitHub\\ultrastar-worldparty\\karatoken-integrated\\ai-services\\backend\\simple-server.js": {"path":"C:\\Users\\danjo\\Documents\\GitHub\\ultrastar-worldparty\\karatoken-integrated\\ai-services\\backend\\simple-server.js","statementMap":{"0":{"start":{"line":1,"column":16},"end":{"line":1,"column":34}},"1":{"start":{"line":2,"column":13},"end":{"line":2,"column":28}},"2":{"start":{"line":3,"column":11},"end":{"line":3,"column":24}},"3":{"start":{"line":5,"column":12},"end":{"line":5,"column":21}},"4":{"start":{"line":6,"column":13},"end":{"line":6,"column":17}},"5":{"start":{"line":9,"column":21},"end":{"line":9,"column":56}},"6":{"start":{"line":10,"column":16},"end":{"line":10,"column":46}},"7":{"start":{"line":13,"column":0},"end":{"line":13,"column":43}},"8":{"start":{"line":14,"column":0},"end":{"line":14,"column":39}},"9":{"start":{"line":15,"column":0},"end":{"line":15,"column":72}},"10":{"start":{"line":18,"column":0},"end":{"line":18,"column":33}},"11":{"start":{"line":21,"column":0},"end":{"line":23,"column":3}},"12":{"start":{"line":22,"column":2},"end":{"line":22,"column":66}},"13":{"start":{"line":26,"column":0},"end":{"line":30,"column":3}},"14":{"start":{"line":27,"column":2},"end":{"line":27,"column":60}},"15":{"start":{"line":28,"column":2},"end":{"line":28,"column":63}},"16":{"start":{"line":29,"column":2},"end":{"line":29,"column":70}}},"fnMap":{"0":{"name":"(anonymous_0)","decl":{"start":{"line":21,"column":19},"end":{"line":21,"column":20}},"loc":{"start":{"line":21,"column":33},"end":{"line":23,"column":1}},"line":21},"1":{"name":"(anonymous_1)","decl":{"start":{"line":26,"column":28},"end":{"line":26,"column":29}},"loc":{"start":{"line":26,"column":34},"end":{"line":30,"column":1}},"line":26}},"branchMap":{"0":{"loc":{"start":{"line":15,"column":33},"end":{"line":15,"column":70}},"type":"cond-expr","locations":[{"start":{"line":15,"column":58},"end":{"line":15,"column":63}},{"start":{"line":15,"column":66},"end":{"line":15,"column":70}}],"line":15}},"s":{"0":0,"1":0,"2":0,"3":0,"4":0,"5":0,"6":0,"7":0,"8":0,"9":0,"10":0,"11":0,"12":0,"13":0,"14":0,"15":0,"16":0},"f":{"0":0,"1":0},"b":{"0":[0,0]}}
,"C:\\Users\\danjo\\Documents\\GitHub\\ultrastar-worldparty\\karatoken-integrated\\ai-services\\backend\\test-basic.js": {"path":"C:\\Users\\danjo\\Documents\\GitHub\\ultrastar-worldparty\\karatoken-integrated\\ai-services\\backend\\test-basic.js","statementMap":{"0":{"start":{"line":1,"column":16},"end":{"line":1,"column":34}},"1":{"start":{"line":2,"column":13},"end":{"line":2,"column":28}},"2":{"start":{"line":3,"column":12},"end":{"line":3,"column":21}},"3":{"start":{"line":4,"column":13},"end":{"line":4,"column":17}},"4":{"start":{"line":7,"column":0},"end":{"line":9,"column":3}},"5":{"start":{"line":8,"column":2},"end":{"line":8,"column":60}},"6":{"start":{"line":12,"column":0},"end":{"line":15,"column":3}},"7":{"start":{"line":13,"column":2},"end":{"line":13,"column":65}},"8":{"start":{"line":14,"column":2},"end":{"line":14,"column":68}}},"fnMap":{"0":{"name":"(anonymous_0)","decl":{"start":{"line":7,"column":23},"end":{"line":7,"column":24}},"loc":{"start":{"line":7,"column":37},"end":{"line":9,"column":1}},"line":7},"1":{"name":"(anonymous_1)","decl":{"start":{"line":12,"column":28},"end":{"line":12,"column":29}},"loc":{"start":{"line":12,"column":34},"end":{"line":15,"column":1}},"line":12}},"branchMap":{},"s":{"0":0,"1":0,"2":0,"3":0,"4":0,"5":0,"6":0,"7":0,"8":0},"f":{"0":0,"1":0},"b":{}}
,"C:\\Users\\danjo\\Documents\\GitHub\\ultrastar-worldparty\\karatoken-integrated\\ai-services\\backend\\test-fs.js": {"path":"C:\\Users\\danjo\\Documents\\GitHub\\ultrastar-worldparty\\karatoken-integrated\\ai-services\\backend\\test-fs.js","statementMap":{"0":{"start":{"line":1,"column":11},"end":{"line":1,"column":24}},"1":{"start":{"line":2,"column":13},"end":{"line":2,"column":28}},"2":{"start":{"line":5,"column":21},"end":{"line":5,"column":56}},"3":{"start":{"line":6,"column":16},"end":{"line":6,"column":46}},"4":{"start":{"line":8,"column":0},"end":{"line":8,"column":43}},"5":{"start":{"line":9,"column":0},"end":{"line":9,"column":39}},"6":{"start":{"line":12,"column":0},"end":{"line":25,"column":1}},"7":{"start":{"line":13,"column":17},"end":{"line":13,"column":39}},"8":{"start":{"line":14,"column":2},"end":{"line":14,"column":43}},"9":{"start":{"line":16,"column":2},"end":{"line":22,"column":3}},"10":{"start":{"line":17,"column":4},"end":{"line":17,"column":39}},"11":{"start":{"line":18,"column":18},"end":{"line":18,"column":41}},"12":{"start":{"line":19,"column":4},"end":{"line":21,"column":7}},"13":{"start":{"line":20,"column":6},"end":{"line":20,"column":31}},"14":{"start":{"line":24,"column":2},"end":{"line":24,"column":59}}},"fnMap":{"0":{"name":"(anonymous_0)","decl":{"start":{"line":19,"column":18},"end":{"line":19,"column":19}},"loc":{"start":{"line":19,"column":26},"end":{"line":21,"column":5}},"line":19}},"branchMap":{"0":{"loc":{"start":{"line":16,"column":2},"end":{"line":22,"column":3}},"type":"if","locations":[{"start":{"line":16,"column":2},"end":{"line":22,"column":3}},{"start":{},"end":{}}],"line":16}},"s":{"0":0,"1":0,"2":0,"3":0,"4":0,"5":0,"6":0,"7":0,"8":0,"9":0,"10":0,"11":0,"12":0,"13":0,"14":0},"f":{"0":0},"b":{"0":[0,0]}}
,"C:\\Users\\danjo\\Documents\\GitHub\\ultrastar-worldparty\\karatoken-integrated\\ai-services\\backend\\test-path.js": {"path":"C:\\Users\\danjo\\Documents\\GitHub\\ultrastar-worldparty\\karatoken-integrated\\ai-services\\backend\\test-path.js","statementMap":{"0":{"start":{"line":1,"column":13},"end":{"line":1,"column":28}},"1":{"start":{"line":2,"column":11},"end":{"line":2,"column":24}},"2":{"start":{"line":5,"column":21},"end":{"line":5,"column":77}},"3":{"start":{"line":6,"column":16},"end":{"line":6,"column":46}},"4":{"start":{"line":8,"column":0},"end":{"line":8,"column":43}},"5":{"start":{"line":9,"column":0},"end":{"line":9,"column":39}},"6":{"start":{"line":10,"column":0},"end":{"line":10,"column":72}},"7":{"start":{"line":13,"column":0},"end":{"line":18,"column":1}},"8":{"start":{"line":14,"column":2},"end":{"line":14,"column":43}},"9":{"start":{"line":15,"column":2},"end":{"line":17,"column":5}},"10":{"start":{"line":16,"column":4},"end":{"line":16,"column":29}}},"fnMap":{"0":{"name":"(anonymous_0)","decl":{"start":{"line":15,"column":34},"end":{"line":15,"column":35}},"loc":{"start":{"line":15,"column":42},"end":{"line":17,"column":3}},"line":15}},"branchMap":{"0":{"loc":{"start":{"line":10,"column":33},"end":{"line":10,"column":70}},"type":"cond-expr","locations":[{"start":{"line":10,"column":58},"end":{"line":10,"column":63}},{"start":{"line":10,"column":66},"end":{"line":10,"column":70}}],"line":10},"1":{"loc":{"start":{"line":13,"column":0},"end":{"line":18,"column":1}},"type":"if","locations":[{"start":{"line":13,"column":0},"end":{"line":18,"column":1}},{"start":{},"end":{}}],"line":13}},"s":{"0":0,"1":0,"2":0,"3":0,"4":0,"5":0,"6":0,"7":0,"8":0,"9":0,"10":0},"f":{"0":0},"b":{"0":[0,0],"1":[0,0]}}
,"C:\\Users\\danjo\\Documents\\GitHub\\ultrastar-worldparty\\karatoken-integrated\\ai-services\\backend\\test-server.js": {"path":"C:\\Users\\danjo\\Documents\\GitHub\\ultrastar-worldparty\\karatoken-integrated\\ai-services\\backend\\test-server.js","statementMap":{"0":{"start":{"line":1,"column":16},"end":{"line":1,"column":34}},"1":{"start":{"line":2,"column":13},"end":{"line":2,"column":28}},"2":{"start":{"line":3,"column":12},"end":{"line":3,"column":21}},"3":{"start":{"line":5,"column":13},"end":{"line":5,"column":17}},"4":{"start":{"line":6,"column":16},"end":{"line":6,"column":76}},"5":{"start":{"line":9,"column":0},"end":{"line":9,"column":44}},"6":{"start":{"line":10,"column":0},"end":{"line":10,"column":83}},"7":{"start":{"line":13,"column":0},"end":{"line":13,"column":33}},"8":{"start":{"line":16,"column":0},"end":{"line":18,"column":3}},"9":{"start":{"line":17,"column":2},"end":{"line":17,"column":66}},"10":{"start":{"line":21,"column":0},"end":{"line":23,"column":3}},"11":{"start":{"line":22,"column":2},"end":{"line":22,"column":49}},"12":{"start":{"line":25,"column":0},"end":{"line":28,"column":3}},"13":{"start":{"line":26,"column":2},"end":{"line":26,"column":65}},"14":{"start":{"line":27,"column":2},"end":{"line":27,"column":48}}},"fnMap":{"0":{"name":"(anonymous_0)","decl":{"start":{"line":16,"column":21},"end":{"line":16,"column":22}},"loc":{"start":{"line":16,"column":35},"end":{"line":18,"column":1}},"line":16},"1":{"name":"(anonymous_1)","decl":{"start":{"line":21,"column":13},"end":{"line":21,"column":14}},"loc":{"start":{"line":21,"column":27},"end":{"line":23,"column":1}},"line":21},"2":{"name":"(anonymous_2)","decl":{"start":{"line":25,"column":28},"end":{"line":25,"column":29}},"loc":{"start":{"line":25,"column":34},"end":{"line":28,"column":1}},"line":25}},"branchMap":{"0":{"loc":{"start":{"line":10,"column":33},"end":{"line":10,"column":81}},"type":"cond-expr","locations":[{"start":{"line":10,"column":69},"end":{"line":10,"column":74}},{"start":{"line":10,"column":77},"end":{"line":10,"column":81}}],"line":10}},"s":{"0":0,"1":0,"2":0,"3":0,"4":0,"5":0,"6":0,"7":0,"8":0,"9":0,"10":0,"11":0,"12":0,"13":0,"14":0},"f":{"0":0,"1":0,"2":0},"b":{"0":[0,0]}}
,"C:\\Users\\danjo\\Documents\\GitHub\\ultrastar-worldparty\\karatoken-integrated\\ai-services\\backend\\test-simple.js": {"path":"C:\\Users\\danjo\\Documents\\GitHub\\ultrastar-worldparty\\karatoken-integrated\\ai-services\\backend\\test-simple.js","statementMap":{"0":{"start":{"line":1,"column":0},"end":{"line":1,"column":49}},"1":{"start":{"line":2,"column":0},"end":{"line":2,"column":49}},"2":{"start":{"line":3,"column":0},"end":{"line":3,"column":32}}},"fnMap":{},"branchMap":{},"s":{"0":0,"1":0,"2":0},"f":{},"b":{}}
,"C:\\Users\\danjo\\Documents\\GitHub\\ultrastar-worldparty\\karatoken-integrated\\ai-services\\backend\\routes\\genre.js": {"path":"C:\\Users\\danjo\\Documents\\GitHub\\ultrastar-worldparty\\karatoken-integrated\\ai-services\\backend\\routes\\genre.js","statementMap":{"0":{"start":{"line":1,"column":16},"end":{"line":1,"column":34}},"1":{"start":{"line":2,"column":15},"end":{"line":2,"column":31}},"2":{"start":{"line":3,"column":13},"end":{"line":3,"column":28}},"3":{"start":{"line":4,"column":11},"end":{"line":4,"column":24}},"4":{"start":{"line":5,"column":13},"end":{"line":5,"column":28}},"5":{"start":{"line":6,"column":14},"end":{"line":6,"column":30}},"6":{"start":{"line":12,"column":0},"end":{"line":14,"column":14}},"7":{"start":{"line":13,"column":2},"end":{"line":13,"column":58}},"8":{"start":{"line":15,"column":0},"end":{"line":17,"column":14}},"9":{"start":{"line":16,"column":2},"end":{"line":16,"column":58}},"10":{"start":{"line":18,"column":0},"end":{"line":20,"column":14}},"11":{"start":{"line":19,"column":2},"end":{"line":19,"column":56}},"12":{"start":{"line":21,"column":0},"end":{"line":23,"column":14}},"13":{"start":{"line":22,"column":2},"end":{"line":22,"column":51}},"14":{"start":{"line":26,"column":13},"end":{"line":26,"column":22}},"15":{"start":{"line":27,"column":19},"end":{"line":32,"column":1}},"16":{"start":{"line":35,"column":26},"end":{"line":35,"column":63}},"17":{"start":{"line":36,"column":18},"end":{"line":36,"column":100}},"18":{"start":{"line":37,"column":24},"end":{"line":37,"column":78}},"19":{"start":{"line":40,"column":17},"end":{"line":40,"column":50}},"20":{"start":{"line":41,"column":12},"end":{"line":41,"column":27}},"21":{"start":{"line":42,"column":18},"end":{"line":42,"column":41}},"22":{"start":{"line":43,"column":18},"end":{"line":51,"column":3}},"23":{"start":{"line":52,"column":15},"end":{"line":52,"column":44}},"24":{"start":{"line":53,"column":2},"end":{"line":53,"column":62}},"25":{"start":{"line":55,"column":14},"end":{"line":55,"column":36}},"26":{"start":{"line":56,"column":21},"end":{"line":56,"column":26}},"27":{"start":{"line":57,"column":18},"end":{"line":75,"column":4}},"28":{"start":{"line":58,"column":16},"end":{"line":68,"column":6}},"29":{"start":{"line":59,"column":17},"end":{"line":59,"column":19}},"30":{"start":{"line":60,"column":6},"end":{"line":60,"column":30}},"31":{"start":{"line":61,"column":6},"end":{"line":61,"column":52}},"32":{"start":{"line":61,"column":34},"end":{"line":61,"column":48}},"33":{"start":{"line":62,"column":6},"end":{"line":67,"column":9}},"34":{"start":{"line":63,"column":8},"end":{"line":65,"column":9}},"35":{"start":{"line":64,"column":10},"end":{"line":64,"column":82}},"36":{"start":{"line":66,"column":8},"end":{"line":66,"column":22}},"37":{"start":{"line":69,"column":4},"end":{"line":69,"column":28}},"38":{"start":{"line":70,"column":4},"end":{"line":72,"column":7}},"39":{"start":{"line":71,"column":6},"end":{"line":71,"column":78}},"40":{"start":{"line":71,"column":12},"end":{"line":71,"column":63}},"41":{"start":{"line":73,"column":4},"end":{"line":73,"column":20}},"42":{"start":{"line":74,"column":4},"end":{"line":74,"column":14}},"43":{"start":{"line":76,"column":13},"end":{"line":76,"column":17}},"44":{"start":{"line":77,"column":2},"end":{"line":79,"column":3}},"45":{"start":{"line":77,"column":8},"end":{"line":77,"column":35}},"46":{"start":{"line":78,"column":4},"end":{"line":78,"column":66}},"47":{"start":{"line":80,"column":2},"end":{"line":80,"column":96}},"48":{"start":{"line":80,"column":34},"end":{"line":80,"column":96}},"49":{"start":{"line":81,"column":2},"end":{"line":81,"column":14}},"50":{"start":{"line":85,"column":2},"end":{"line":85,"column":47}},"51":{"start":{"line":85,"column":28},"end":{"line":85,"column":45}},"52":{"start":{"line":89,"column":2},"end":{"line":89,"column":71}},"53":{"start":{"line":93,"column":16},"end":{"line":93,"column":54}},"54":{"start":{"line":94,"column":21},"end":{"line":94,"column":26}},"55":{"start":{"line":95,"column":2},"end":{"line":116,"column":5}},"56":{"start":{"line":96,"column":17},"end":{"line":96,"column":43}},"57":{"start":{"line":97,"column":16},"end":{"line":107,"column":6}},"58":{"start":{"line":98,"column":6},"end":{"line":100,"column":7}},"59":{"start":{"line":99,"column":8},"end":{"line":99,"column":59}},"60":{"start":{"line":101,"column":6},"end":{"line":104,"column":9}},"61":{"start":{"line":102,"column":8},"end":{"line":102,"column":69}},"62":{"start":{"line":102,"column":14},"end":{"line":102,"column":58}},"63":{"start":{"line":102,"column":31},"end":{"line":102,"column":56}},"64":{"start":{"line":103,"column":8},"end":{"line":103,"column":20}},"65":{"start":{"line":105,"column":6},"end":{"line":105,"column":21}},"66":{"start":{"line":106,"column":6},"end":{"line":106,"column":51}},"67":{"start":{"line":106,"column":30},"end":{"line":106,"column":49}},"68":{"start":{"line":109,"column":4},"end":{"line":111,"column":7}},"69":{"start":{"line":110,"column":6},"end":{"line":110,"column":48}},"70":{"start":{"line":112,"column":4},"end":{"line":115,"column":7}},"71":{"start":{"line":113,"column":6},"end":{"line":113,"column":67}},"72":{"start":{"line":113,"column":12},"end":{"line":113,"column":56}},"73":{"start":{"line":113,"column":29},"end":{"line":113,"column":54}},"74":{"start":{"line":114,"column":6},"end":{"line":114,"column":18}},"75":{"start":{"line":117,"column":2},"end":{"line":117,"column":14}},"76":{"start":{"line":122,"column":0},"end":{"line":383,"column":3}},"77":{"start":{"line":123,"column":2},"end":{"line":382,"column":3}},"78":{"start":{"line":124,"column":58},"end":{"line":124,"column":72}},"79":{"start":{"line":125,"column":4},"end":{"line":127,"column":5}},"80":{"start":{"line":126,"column":6},"end":{"line":126,"column":91}},"81":{"start":{"line":129,"column":18},"end":{"line":129,"column":31}},"82":{"start":{"line":130,"column":16},"end":{"line":130,"column":26}},"83":{"start":{"line":131,"column":19},"end":{"line":131,"column":69}},"84":{"start":{"line":132,"column":4},"end":{"line":132,"column":46}},"85":{"start":{"line":134,"column":16},"end":{"line":147,"column":5}},"86":{"start":{"line":148,"column":4},"end":{"line":148,"column":25}},"87":{"start":{"line":151,"column":4},"end":{"line":151,"column":75}},"88":{"start":{"line":154,"column":4},"end":{"line":379,"column":9}},"89":{"start":{"line":155,"column":6},"end":{"line":378,"column":7}},"90":{"start":{"line":157,"column":8},"end":{"line":157,"column":43}},"91":{"start":{"line":158,"column":8},"end":{"line":158,"column":26}},"92":{"start":{"line":159,"column":8},"end":{"line":159,"column":35}},"93":{"start":{"line":160,"column":8},"end":{"line":160,"column":29}},"94":{"start":{"line":163,"column":8},"end":{"line":163,"column":25}},"95":{"start":{"line":164,"column":24},"end":{"line":164,"column":58}},"96":{"start":{"line":165,"column":8},"end":{"line":186,"column":22}},"97":{"start":{"line":166,"column":24},"end":{"line":166,"column":50}},"98":{"start":{"line":167,"column":25},"end":{"line":167,"column":64}},"99":{"start":{"line":168,"column":29},"end":{"line":168,"column":33}},"100":{"start":{"line":169,"column":10},"end":{"line":173,"column":11}},"101":{"start":{"line":170,"column":25},"end":{"line":170,"column":55}},"102":{"start":{"line":171,"column":30},"end":{"line":171,"column":54}},"103":{"start":{"line":172,"column":12},"end":{"line":172,"column":67}},"104":{"start":{"line":172,"column":42},"end":{"line":172,"column":67}},"105":{"start":{"line":175,"column":10},"end":{"line":182,"column":11}},"106":{"start":{"line":176,"column":12},"end":{"line":176,"column":74}},"107":{"start":{"line":177,"column":12},"end":{"line":177,"column":77}},"108":{"start":{"line":177,"column":18},"end":{"line":177,"column":62}},"109":{"start":{"line":179,"column":24},"end":{"line":179,"column":63}},"110":{"start":{"line":180,"column":12},"end":{"line":180,"column":61}},"111":{"start":{"line":181,"column":12},"end":{"line":181,"column":104}},"112":{"start":{"line":181,"column":18},"end":{"line":181,"column":60}},"113":{"start":{"line":183,"column":10},"end":{"line":185,"column":11}},"114":{"start":{"line":184,"column":12},"end":{"line":184,"column":42}},"115":{"start":{"line":187,"column":8},"end":{"line":187,"column":26}},"116":{"start":{"line":188,"column":8},"end":{"line":188,"column":35}},"117":{"start":{"line":189,"column":8},"end":{"line":189,"column":29}},"118":{"start":{"line":192,"column":8},"end":{"line":192,"column":25}},"119":{"start":{"line":193,"column":8},"end":{"line":234,"column":22}},"120":{"start":{"line":195,"column":10},"end":{"line":217,"column":11}},"121":{"start":{"line":196,"column":12},"end":{"line":196,"column":30}},"122":{"start":{"line":197,"column":12},"end":{"line":197,"column":39}},"123":{"start":{"line":198,"column":12},"end":{"line":198,"column":33}},"124":{"start":{"line":200,"column":12},"end":{"line":216,"column":13}},"125":{"start":{"line":201,"column":29},"end":{"line":201,"column":102}},"126":{"start":{"line":202,"column":27},"end":{"line":202,"column":78}},"127":{"start":{"line":204,"column":14},"end":{"line":208,"column":15}},"128":{"start":{"line":205,"column":26},"end":{"line":205,"column":57}},"129":{"start":{"line":206,"column":16},"end":{"line":206,"column":57}},"130":{"start":{"line":207,"column":16},"end":{"line":207,"column":35}},"131":{"start":{"line":209,"column":14},"end":{"line":213,"column":15}},"132":{"start":{"line":210,"column":26},"end":{"line":210,"column":67}},"133":{"start":{"line":211,"column":16},"end":{"line":211,"column":63}},"134":{"start":{"line":212,"column":16},"end":{"line":212,"column":44}},"135":{"start":{"line":215,"column":14},"end":{"line":215,"column":107}},"136":{"start":{"line":219,"column":24},"end":{"line":219,"column":55}},"137":{"start":{"line":220,"column":30},"end":{"line":220,"column":64}},"138":{"start":{"line":221,"column":10},"end":{"line":233,"column":11}},"139":{"start":{"line":222,"column":12},"end":{"line":222,"column":30}},"140":{"start":{"line":223,"column":12},"end":{"line":223,"column":39}},"141":{"start":{"line":224,"column":12},"end":{"line":224,"column":33}},"142":{"start":{"line":226,"column":12},"end":{"line":232,"column":13}},"143":{"start":{"line":227,"column":55},"end":{"line":227,"column":114}},"144":{"start":{"line":228,"column":14},"end":{"line":228,"column":58}},"145":{"start":{"line":228,"column":30},"end":{"line":228,"column":58}},"146":{"start":{"line":229,"column":14},"end":{"line":229,"column":79}},"147":{"start":{"line":229,"column":36},"end":{"line":229,"column":79}},"148":{"start":{"line":231,"column":14},"end":{"line":231,"column":103}},"149":{"start":{"line":235,"column":8},"end":{"line":235,"column":26}},"150":{"start":{"line":236,"column":8},"end":{"line":236,"column":35}},"151":{"start":{"line":237,"column":8},"end":{"line":237,"column":29}},"152":{"start":{"line":241,"column":8},"end":{"line":241,"column":25}},"153":{"start":{"line":242,"column":31},"end":{"line":242,"column":35}},"154":{"start":{"line":243,"column":8},"end":{"line":290,"column":22}},"155":{"start":{"line":245,"column":10},"end":{"line":261,"column":11}},"156":{"start":{"line":246,"column":12},"end":{"line":246,"column":30}},"157":{"start":{"line":247,"column":12},"end":{"line":247,"column":39}},"158":{"start":{"line":248,"column":12},"end":{"line":248,"column":33}},"159":{"start":{"line":250,"column":12},"end":{"line":260,"column":13}},"160":{"start":{"line":251,"column":29},"end":{"line":251,"column":98}},"161":{"start":{"line":252,"column":27},"end":{"line":252,"column":67}},"162":{"start":{"line":253,"column":14},"end":{"line":257,"column":15}},"163":{"start":{"line":254,"column":31},"end":{"line":254,"column":78}},"164":{"start":{"line":255,"column":16},"end":{"line":255,"column":61}},"165":{"start":{"line":256,"column":16},"end":{"line":256,"column":42}},"166":{"start":{"line":259,"column":14},"end":{"line":259,"column":105}},"167":{"start":{"line":263,"column":24},"end":{"line":263,"column":55}},"168":{"start":{"line":264,"column":26},"end":{"line":264,"column":62}},"169":{"start":{"line":265,"column":10},"end":{"line":277,"column":11}},"170":{"start":{"line":266,"column":12},"end":{"line":266,"column":30}},"171":{"start":{"line":267,"column":12},"end":{"line":267,"column":39}},"172":{"start":{"line":268,"column":12},"end":{"line":268,"column":33}},"173":{"start":{"line":270,"column":27},"end":{"line":270,"column":96}},"174":{"start":{"line":271,"column":27},"end":{"line":271,"column":74}},"175":{"start":{"line":272,"column":12},"end":{"line":276,"column":13}},"176":{"start":{"line":273,"column":14},"end":{"line":273,"column":84}},"177":{"start":{"line":275,"column":14},"end":{"line":275,"column":96}},"178":{"start":{"line":280,"column":10},"end":{"line":289,"column":11}},"179":{"start":{"line":281,"column":27},"end":{"line":281,"column":95}},"180":{"start":{"line":282,"column":12},"end":{"line":282,"column":84}},"181":{"start":{"line":283,"column":12},"end":{"line":288,"column":13}},"182":{"start":{"line":284,"column":14},"end":{"line":284,"column":64}},"183":{"start":{"line":287,"column":14},"end":{"line":287,"column":75}},"184":{"start":{"line":292,"column":30},"end":{"line":292,"column":46}},"185":{"start":{"line":293,"column":8},"end":{"line":306,"column":22}},"186":{"start":{"line":294,"column":10},"end":{"line":305,"column":11}},"187":{"start":{"line":295,"column":12},"end":{"line":295,"column":30}},"188":{"start":{"line":296,"column":12},"end":{"line":296,"column":39}},"189":{"start":{"line":297,"column":12},"end":{"line":297,"column":33}},"190":{"start":{"line":299,"column":27},"end":{"line":299,"column":61}},"191":{"start":{"line":300,"column":12},"end":{"line":304,"column":13}},"192":{"start":{"line":301,"column":14},"end":{"line":301,"column":130}},"193":{"start":{"line":303,"column":14},"end":{"line":303,"column":99}},"194":{"start":{"line":307,"column":8},"end":{"line":307,"column":41}},"195":{"start":{"line":308,"column":8},"end":{"line":308,"column":26}},"196":{"start":{"line":309,"column":8},"end":{"line":309,"column":35}},"197":{"start":{"line":310,"column":8},"end":{"line":310,"column":29}},"198":{"start":{"line":313,"column":8},"end":{"line":366,"column":9}},"199":{"start":{"line":314,"column":24},"end":{"line":314,"column":55}},"200":{"start":{"line":315,"column":31},"end":{"line":315,"column":66}},"201":{"start":{"line":316,"column":35},"end":{"line":316,"column":116}},"202":{"start":{"line":317,"column":24},"end":{"line":317,"column":28}},"203":{"start":{"line":319,"column":10},"end":{"line":346,"column":11}},"204":{"start":{"line":320,"column":12},"end":{"line":345,"column":13}},"205":{"start":{"line":321,"column":14},"end":{"line":321,"column":32}},"206":{"start":{"line":322,"column":14},"end":{"line":322,"column":41}},"207":{"start":{"line":323,"column":14},"end":{"line":323,"column":35}},"208":{"start":{"line":325,"column":29},"end":{"line":325,"column":104}},"209":{"start":{"line":326,"column":27},"end":{"line":326,"column":95}},"210":{"start":{"line":328,"column":31},"end":{"line":328,"column":35}},"211":{"start":{"line":329,"column":14},"end":{"line":337,"column":15}},"212":{"start":{"line":330,"column":16},"end":{"line":330,"column":38}},"213":{"start":{"line":331,"column":21},"end":{"line":337,"column":15}},"214":{"start":{"line":332,"column":31},"end":{"line":332,"column":70}},"215":{"start":{"line":333,"column":16},"end":{"line":333,"column":59}},"216":{"start":{"line":334,"column":16},"end":{"line":334,"column":118}},"217":{"start":{"line":334,"column":22},"end":{"line":334,"column":107}},"218":{"start":{"line":335,"column":21},"end":{"line":337,"column":15}},"219":{"start":{"line":336,"column":16},"end":{"line":336,"column":85}},"220":{"start":{"line":338,"column":14},"end":{"line":342,"column":15}},"221":{"start":{"line":339,"column":26},"end":{"line":339,"column":57}},"222":{"start":{"line":340,"column":16},"end":{"line":340,"column":48}},"223":{"start":{"line":341,"column":16},"end":{"line":341,"column":28}},"224":{"start":{"line":344,"column":14},"end":{"line":344,"column":106}},"225":{"start":{"line":348,"column":10},"end":{"line":357,"column":11}},"226":{"start":{"line":349,"column":12},"end":{"line":356,"column":13}},"227":{"start":{"line":350,"column":14},"end":{"line":350,"column":32}},"228":{"start":{"line":351,"column":14},"end":{"line":351,"column":41}},"229":{"start":{"line":352,"column":14},"end":{"line":352,"column":35}},"230":{"start":{"line":353,"column":14},"end":{"line":353,"column":88}},"231":{"start":{"line":355,"column":14},"end":{"line":355,"column":115}},"232":{"start":{"line":358,"column":10},"end":{"line":364,"column":11}},"233":{"start":{"line":360,"column":12},"end":{"line":360,"column":29}},"234":{"start":{"line":361,"column":12},"end":{"line":361,"column":59}},"235":{"start":{"line":362,"column":31},"end":{"line":362,"column":108}},"236":{"start":{"line":363,"column":12},"end":{"line":363,"column":71}},"237":{"start":{"line":363,"column":18},"end":{"line":363,"column":56}},"238":{"start":{"line":365,"column":10},"end":{"line":365,"column":32}},"239":{"start":{"line":369,"column":8},"end":{"line":369,"column":42}},"240":{"start":{"line":370,"column":8},"end":{"line":370,"column":27}},"241":{"start":{"line":371,"column":8},"end":{"line":371,"column":35}},"242":{"start":{"line":372,"column":8},"end":{"line":372,"column":29}},"243":{"start":{"line":374,"column":8},"end":{"line":374,"column":39}},"244":{"start":{"line":375,"column":8},"end":{"line":375,"column":67}},"245":{"start":{"line":376,"column":8},"end":{"line":376,"column":35}},"246":{"start":{"line":377,"column":8},"end":{"line":377,"column":29}},"247":{"start":{"line":381,"column":4},"end":{"line":381,"column":86}},"248":{"start":{"line":386,"column":0},"end":{"line":410,"column":3}},"249":{"start":{"line":387,"column":2},"end":{"line":409,"column":3}},"250":{"start":{"line":388,"column":22},"end":{"line":388,"column":32}},"251":{"start":{"line":389,"column":16},"end":{"line":389,"column":31}},"252":{"start":{"line":390,"column":4},"end":{"line":390,"column":81}},"253":{"start":{"line":390,"column":14},"end":{"line":390,"column":81}},"254":{"start":{"line":393,"column":21},"end":{"line":405,"column":5}},"255":{"start":{"line":406,"column":4},"end":{"line":406,"column":49}},"256":{"start":{"line":408,"column":4},"end":{"line":408,"column":86}},"257":{"start":{"line":412,"column":0},"end":{"line":412,"column":24}}},"fnMap":{"0":{"name":"callLocal","decl":{"start":{"line":39,"column":15},"end":{"line":39,"column":24}},"loc":{"start":{"line":39,"column":44},"end":{"line":82,"column":1}},"line":39},"1":{"name":"(anonymous_1)","decl":{"start":{"line":57,"column":36},"end":{"line":57,"column":37}},"loc":{"start":{"line":57,"column":57},"end":{"line":75,"column":3}},"line":57},"2":{"name":"(anonymous_2)","decl":{"start":{"line":58,"column":37},"end":{"line":58,"column":38}},"loc":{"start":{"line":58,"column":46},"end":{"line":68,"column":5}},"line":58},"3":{"name":"(anonymous_3)","decl":{"start":{"line":61,"column":21},"end":{"line":61,"column":22}},"loc":{"start":{"line":61,"column":32},"end":{"line":61,"column":50}},"line":61},"4":{"name":"(anonymous_4)","decl":{"start":{"line":62,"column":20},"end":{"line":62,"column":21}},"loc":{"start":{"line":62,"column":26},"end":{"line":67,"column":7}},"line":62},"5":{"name":"(anonymous_5)","decl":{"start":{"line":70,"column":31},"end":{"line":70,"column":32}},"loc":{"start":{"line":70,"column":37},"end":{"line":72,"column":5}},"line":70},"6":{"name":"sleep","decl":{"start":{"line":84,"column":9},"end":{"line":84,"column":14}},"loc":{"start":{"line":84,"column":19},"end":{"line":86,"column":1}},"line":84},"7":{"name":"(anonymous_7)","decl":{"start":{"line":85,"column":21},"end":{"line":85,"column":22}},"loc":{"start":{"line":85,"column":28},"end":{"line":85,"column":45}},"line":85},"8":{"name":"createJobId","decl":{"start":{"line":88,"column":9},"end":{"line":88,"column":20}},"loc":{"start":{"line":88,"column":23},"end":{"line":90,"column":1}},"line":88},"9":{"name":"downloadToFile","decl":{"start":{"line":92,"column":15},"end":{"line":92,"column":29}},"loc":{"start":{"line":92,"column":41},"end":{"line":118,"column":1}},"line":92},"10":{"name":"(anonymous_10)","decl":{"start":{"line":95,"column":20},"end":{"line":95,"column":21}},"loc":{"start":{"line":95,"column":41},"end":{"line":116,"column":3}},"line":95},"11":{"name":"(anonymous_11)","decl":{"start":{"line":97,"column":31},"end":{"line":97,"column":32}},"loc":{"start":{"line":97,"column":40},"end":{"line":107,"column":5}},"line":97},"12":{"name":"(anonymous_12)","decl":{"start":{"line":101,"column":22},"end":{"line":101,"column":23}},"loc":{"start":{"line":101,"column":31},"end":{"line":104,"column":7}},"line":101},"13":{"name":"(anonymous_13)","decl":{"start":{"line":102,"column":25},"end":{"line":102,"column":26}},"loc":{"start":{"line":102,"column":31},"end":{"line":102,"column":56}},"line":102},"14":{"name":"(anonymous_14)","decl":{"start":{"line":102,"column":47},"end":{"line":102,"column":48}},"loc":{"start":{"line":102,"column":53},"end":{"line":102,"column":55}},"line":102},"15":{"name":"(anonymous_15)","decl":{"start":{"line":106,"column":24},"end":{"line":106,"column":25}},"loc":{"start":{"line":106,"column":30},"end":{"line":106,"column":49}},"line":106},"16":{"name":"(anonymous_16)","decl":{"start":{"line":109,"column":31},"end":{"line":109,"column":32}},"loc":{"start":{"line":109,"column":37},"end":{"line":111,"column":5}},"line":109},"17":{"name":"(anonymous_17)","decl":{"start":{"line":112,"column":20},"end":{"line":112,"column":21}},"loc":{"start":{"line":112,"column":29},"end":{"line":115,"column":5}},"line":112},"18":{"name":"(anonymous_18)","decl":{"start":{"line":113,"column":23},"end":{"line":113,"column":24}},"loc":{"start":{"line":113,"column":29},"end":{"line":113,"column":54}},"line":113},"19":{"name":"(anonymous_19)","decl":{"start":{"line":113,"column":45},"end":{"line":113,"column":46}},"loc":{"start":{"line":113,"column":51},"end":{"line":113,"column":53}},"line":113},"20":{"name":"(anonymous_20)","decl":{"start":{"line":122,"column":21},"end":{"line":122,"column":22}},"loc":{"start":{"line":122,"column":41},"end":{"line":383,"column":1}},"line":122},"21":{"name":"(anonymous_21)","decl":{"start":{"line":154,"column":5},"end":{"line":154,"column":6}},"loc":{"start":{"line":154,"column":17},"end":{"line":379,"column":5}},"line":154},"22":{"name":"(anonymous_22)","decl":{"start":{"line":386,"column":29},"end":{"line":386,"column":30}},"loc":{"start":{"line":386,"column":43},"end":{"line":410,"column":1}},"line":386}},"branchMap":{"0":{"loc":{"start":{"line":35,"column":26},"end":{"line":35,"column":63}},"type":"binary-expr","locations":[{"start":{"line":35,"column":26},"end":{"line":35,"column":55}},{"start":{"line":35,"column":59},"end":{"line":35,"column":63}}],"line":35},"1":{"loc":{"start":{"line":36,"column":18},"end":{"line":36,"column":100}},"type":"binary-expr","locations":[{"start":{"line":36,"column":18},"end":{"line":36,"column":77}},{"start":{"line":36,"column":81},"end":{"line":36,"column":100}}],"line":36},"2":{"loc":{"start":{"line":36,"column":19},"end":{"line":36,"column":50}},"type":"binary-expr","locations":[{"start":{"line":36,"column":19},"end":{"line":36,"column":44}},{"start":{"line":36,"column":48},"end":{"line":36,"column":50}}],"line":36},"3":{"loc":{"start":{"line":37,"column":24},"end":{"line":37,"column":78}},"type":"binary-expr","locations":[{"start":{"line":37,"column":24},"end":{"line":37,"column":51}},{"start":{"line":37,"column":55},"end":{"line":37,"column":78}}],"line":37},"4":{"loc":{"start":{"line":46,"column":10},"end":{"line":46,"column":56}},"type":"cond-expr","locations":[{"start":{"line":46,"column":19},"end":{"line":46,"column":33}},{"start":{"line":46,"column":37},"end":{"line":46,"column":55}}],"line":46},"5":{"loc":{"start":{"line":46,"column":37},"end":{"line":46,"column":55}},"type":"cond-expr","locations":[{"start":{"line":46,"column":47},"end":{"line":46,"column":50}},{"start":{"line":46,"column":53},"end":{"line":46,"column":55}}],"line":46},"6":{"loc":{"start":{"line":47,"column":24},"end":{"line":47,"column":38}},"type":"binary-expr","locations":[{"start":{"line":47,"column":24},"end":{"line":47,"column":32}},{"start":{"line":47,"column":36},"end":{"line":47,"column":38}}],"line":47},"7":{"loc":{"start":{"line":52,"column":30},"end":{"line":52,"column":43}},"type":"binary-expr","locations":[{"start":{"line":52,"column":30},"end":{"line":52,"column":37}},{"start":{"line":52,"column":41},"end":{"line":52,"column":43}}],"line":52},"8":{"loc":{"start":{"line":55,"column":14},"end":{"line":55,"column":36}},"type":"cond-expr","locations":[{"start":{"line":55,"column":24},"end":{"line":55,"column":29}},{"start":{"line":55,"column":32},"end":{"line":55,"column":36}}],"line":55},"9":{"loc":{"start":{"line":63,"column":8},"end":{"line":65,"column":9}},"type":"if","locations":[{"start":{"line":63,"column":8},"end":{"line":65,"column":9}},{"start":{},"end":{}}],"line":63},"10":{"loc":{"start":{"line":63,"column":12},"end":{"line":63,"column":51}},"type":"binary-expr","locations":[{"start":{"line":63,"column":12},"end":{"line":63,"column":26}},{"start":{"line":63,"column":30},"end":{"line":63,"column":51}}],"line":63},"11":{"loc":{"start":{"line":80,"column":2},"end":{"line":80,"column":96}},"type":"if","locations":[{"start":{"line":80,"column":2},"end":{"line":80,"column":96}},{"start":{},"end":{}}],"line":80},"12":{"loc":{"start":{"line":80,"column":6},"end":{"line":80,"column":32}},"type":"binary-expr","locations":[{"start":{"line":80,"column":6},"end":{"line":80,"column":11}},{"start":{"line":80,"column":15},"end":{"line":80,"column":32}}],"line":80},"13":{"loc":{"start":{"line":80,"column":50},"end":{"line":80,"column":94}},"type":"binary-expr","locations":[{"start":{"line":80,"column":50},"end":{"line":80,"column":61}},{"start":{"line":80,"column":65},"end":{"line":80,"column":94}}],"line":80},"14":{"loc":{"start":{"line":93,"column":16},"end":{"line":93,"column":54}},"type":"cond-expr","locations":[{"start":{"line":93,"column":42},"end":{"line":93,"column":47}},{"start":{"line":93,"column":50},"end":{"line":93,"column":54}}],"line":93},"15":{"loc":{"start":{"line":98,"column":6},"end":{"line":100,"column":7}},"type":"if","locations":[{"start":{"line":98,"column":6},"end":{"line":100,"column":7}},{"start":{},"end":{}}],"line":98},"16":{"loc":{"start":{"line":98,"column":10},"end":{"line":98,"column":49}},"type":"binary-expr","locations":[{"start":{"line":98,"column":10},"end":{"line":98,"column":24}},{"start":{"line":98,"column":28},"end":{"line":98,"column":49}}],"line":98},"17":{"loc":{"start":{"line":124,"column":35},"end":{"line":124,"column":53}},"type":"default-arg","locations":[{"start":{"line":124,"column":49},"end":{"line":124,"column":53}}],"line":124},"18":{"loc":{"start":{"line":124,"column":58},"end":{"line":124,"column":72}},"type":"binary-expr","locations":[{"start":{"line":124,"column":58},"end":{"line":124,"column":66}},{"start":{"line":124,"column":70},"end":{"line":124,"column":72}}],"line":124},"19":{"loc":{"start":{"line":125,"column":4},"end":{"line":127,"column":5}},"type":"if","locations":[{"start":{"line":125,"column":4},"end":{"line":127,"column":5}},{"start":{},"end":{}}],"line":125},"20":{"loc":{"start":{"line":125,"column":8},"end":{"line":125,"column":33}},"type":"binary-expr","locations":[{"start":{"line":125,"column":8},"end":{"line":125,"column":17}},{"start":{"line":125,"column":21},"end":{"line":125,"column":33}}],"line":125},"21":{"loc":{"start":{"line":166,"column":31},"end":{"line":166,"column":49}},"type":"binary-expr","locations":[{"start":{"line":166,"column":31},"end":{"line":166,"column":43}},{"start":{"line":166,"column":47},"end":{"line":166,"column":49}}],"line":166},"22":{"loc":{"start":{"line":169,"column":10},"end":{"line":173,"column":11}},"type":"if","locations":[{"start":{"line":169,"column":10},"end":{"line":173,"column":11}},{"start":{},"end":{}}],"line":169},"23":{"loc":{"start":{"line":172,"column":12},"end":{"line":172,"column":67}},"type":"if","locations":[{"start":{"line":172,"column":12},"end":{"line":172,"column":67}},{"start":{},"end":{}}],"line":172},"24":{"loc":{"start":{"line":175,"column":10},"end":{"line":182,"column":11}},"type":"if","locations":[{"start":{"line":175,"column":10},"end":{"line":182,"column":11}},{"start":{"line":178,"column":17},"end":{"line":182,"column":11}}],"line":175},"25":{"loc":{"start":{"line":179,"column":24},"end":{"line":179,"column":63}},"type":"binary-expr","locations":[{"start":{"line":179,"column":24},"end":{"line":179,"column":53}},{"start":{"line":179,"column":57},"end":{"line":179,"column":63}}],"line":179},"26":{"loc":{"start":{"line":183,"column":10},"end":{"line":185,"column":11}},"type":"if","locations":[{"start":{"line":183,"column":10},"end":{"line":185,"column":11}},{"start":{},"end":{}}],"line":183},"27":{"loc":{"start":{"line":183,"column":14},"end":{"line":183,"column":57}},"type":"binary-expr","locations":[{"start":{"line":183,"column":14},"end":{"line":183,"column":26}},{"start":{"line":183,"column":30},"end":{"line":183,"column":57}}],"line":183},"28":{"loc":{"start":{"line":195,"column":10},"end":{"line":217,"column":11}},"type":"if","locations":[{"start":{"line":195,"column":10},"end":{"line":217,"column":11}},{"start":{},"end":{}}],"line":195},"29":{"loc":{"start":{"line":195,"column":14},"end":{"line":195,"column":74}},"type":"binary-expr","locations":[{"start":{"line":195,"column":14},"end":{"line":195,"column":23}},{"start":{"line":195,"column":27},"end":{"line":195,"column":41}},{"start":{"line":195,"column":45},"end":{"line":195,"column":74}}],"line":195},"30":{"loc":{"start":{"line":204,"column":14},"end":{"line":208,"column":15}},"type":"if","locations":[{"start":{"line":204,"column":14},"end":{"line":208,"column":15}},{"start":{},"end":{}}],"line":204},"31":{"loc":{"start":{"line":209,"column":14},"end":{"line":213,"column":15}},"type":"if","locations":[{"start":{"line":209,"column":14},"end":{"line":213,"column":15}},{"start":{},"end":{}}],"line":209},"32":{"loc":{"start":{"line":215,"column":90},"end":{"line":215,"column":105}},"type":"binary-expr","locations":[{"start":{"line":215,"column":90},"end":{"line":215,"column":100}},{"start":{"line":215,"column":104},"end":{"line":215,"column":105}}],"line":215},"33":{"loc":{"start":{"line":221,"column":10},"end":{"line":233,"column":11}},"type":"if","locations":[{"start":{"line":221,"column":10},"end":{"line":233,"column":11}},{"start":{},"end":{}}],"line":221},"34":{"loc":{"start":{"line":221,"column":14},"end":{"line":221,"column":171}},"type":"binary-expr","locations":[{"start":{"line":221,"column":14},"end":{"line":221,"column":29}},{"start":{"line":221,"column":33},"end":{"line":221,"column":57}},{"start":{"line":221,"column":61},"end":{"line":221,"column":66}},{"start":{"line":221,"column":70},"end":{"line":221,"column":81}},{"start":{"line":221,"column":85},"end":{"line":221,"column":120}},{"start":{"line":221,"column":124},"end":{"line":221,"column":138}},{"start":{"line":221,"column":142},"end":{"line":221,"column":171}}],"line":221},"35":{"loc":{"start":{"line":228,"column":14},"end":{"line":228,"column":58}},"type":"if","locations":[{"start":{"line":228,"column":14},"end":{"line":228,"column":58}},{"start":{},"end":{}}],"line":228},"36":{"loc":{"start":{"line":229,"column":14},"end":{"line":229,"column":79}},"type":"if","locations":[{"start":{"line":229,"column":14},"end":{"line":229,"column":79}},{"start":{},"end":{}}],"line":229},"37":{"loc":{"start":{"line":231,"column":76},"end":{"line":231,"column":101}},"type":"binary-expr","locations":[{"start":{"line":231,"column":76},"end":{"line":231,"column":91}},{"start":{"line":231,"column":95},"end":{"line":231,"column":101}}],"line":231},"38":{"loc":{"start":{"line":245,"column":10},"end":{"line":261,"column":11}},"type":"if","locations":[{"start":{"line":245,"column":10},"end":{"line":261,"column":11}},{"start":{},"end":{}}],"line":245},"39":{"loc":{"start":{"line":253,"column":14},"end":{"line":257,"column":15}},"type":"if","locations":[{"start":{"line":253,"column":14},"end":{"line":257,"column":15}},{"start":{},"end":{}}],"line":253},"40":{"loc":{"start":{"line":253,"column":18},"end":{"line":253,"column":40}},"type":"binary-expr","locations":[{"start":{"line":253,"column":18},"end":{"line":253,"column":22}},{"start":{"line":253,"column":26},"end":{"line":253,"column":40}}],"line":253},"41":{"loc":{"start":{"line":259,"column":88},"end":{"line":259,"column":103}},"type":"binary-expr","locations":[{"start":{"line":259,"column":88},"end":{"line":259,"column":98}},{"start":{"line":259,"column":102},"end":{"line":259,"column":103}}],"line":259},"42":{"loc":{"start":{"line":265,"column":10},"end":{"line":277,"column":11}},"type":"if","locations":[{"start":{"line":265,"column":10},"end":{"line":277,"column":11}},{"start":{},"end":{}}],"line":265},"43":{"loc":{"start":{"line":265,"column":14},"end":{"line":265,"column":92}},"type":"binary-expr","locations":[{"start":{"line":265,"column":14},"end":{"line":265,"column":31}},{"start":{"line":265,"column":35},"end":{"line":265,"column":40}},{"start":{"line":265,"column":44},"end":{"line":265,"column":51}},{"start":{"line":265,"column":55},"end":{"line":265,"column":92}}],"line":265},"44":{"loc":{"start":{"line":275,"column":69},"end":{"line":275,"column":94}},"type":"binary-expr","locations":[{"start":{"line":275,"column":69},"end":{"line":275,"column":84}},{"start":{"line":275,"column":88},"end":{"line":275,"column":94}}],"line":275},"45":{"loc":{"start":{"line":280,"column":10},"end":{"line":289,"column":11}},"type":"if","locations":[{"start":{"line":280,"column":10},"end":{"line":289,"column":11}},{"start":{},"end":{}}],"line":280},"46":{"loc":{"start":{"line":281,"column":27},"end":{"line":281,"column":95}},"type":"cond-expr","locations":[{"start":{"line":281,"column":45},"end":{"line":281,"column":84}},{"start":{"line":281,"column":88},"end":{"line":281,"column":95}}],"line":281},"47":{"loc":{"start":{"line":281,"column":45},"end":{"line":281,"column":84}},"type":"binary-expr","locations":[{"start":{"line":281,"column":45},"end":{"line":281,"column":73}},{"start":{"line":281,"column":77},"end":{"line":281,"column":84}}],"line":281},"48":{"loc":{"start":{"line":283,"column":12},"end":{"line":288,"column":13}},"type":"if","locations":[{"start":{"line":283,"column":12},"end":{"line":288,"column":13}},{"start":{"line":285,"column":19},"end":{"line":288,"column":13}}],"line":283},"49":{"loc":{"start":{"line":283,"column":16},"end":{"line":283,"column":63}},"type":"binary-expr","locations":[{"start":{"line":283,"column":16},"end":{"line":283,"column":30}},{"start":{"line":283,"column":34},"end":{"line":283,"column":63}}],"line":283},"50":{"loc":{"start":{"line":294,"column":10},"end":{"line":305,"column":11}},"type":"if","locations":[{"start":{"line":294,"column":10},"end":{"line":305,"column":11}},{"start":{},"end":{}}],"line":294},"51":{"loc":{"start":{"line":294,"column":14},"end":{"line":294,"column":153}},"type":"binary-expr","locations":[{"start":{"line":294,"column":14},"end":{"line":294,"column":47}},{"start":{"line":294,"column":51},"end":{"line":294,"column":65}},{"start":{"line":294,"column":69},"end":{"line":294,"column":98}},{"start":{"line":294,"column":102},"end":{"line":294,"column":118}},{"start":{"line":294,"column":122},"end":{"line":294,"column":153}}],"line":294},"52":{"loc":{"start":{"line":303,"column":72},"end":{"line":303,"column":97}},"type":"binary-expr","locations":[{"start":{"line":303,"column":72},"end":{"line":303,"column":87}},{"start":{"line":303,"column":91},"end":{"line":303,"column":97}}],"line":303},"53":{"loc":{"start":{"line":313,"column":8},"end":{"line":366,"column":9}},"type":"if","locations":[{"start":{"line":313,"column":8},"end":{"line":366,"column":9}},{"start":{},"end":{}}],"line":313},"54":{"loc":{"start":{"line":316,"column":35},"end":{"line":316,"column":116}},"type":"cond-expr","locations":[{"start":{"line":316,"column":85},"end":{"line":316,"column":99}},{"start":{"line":316,"column":102},"end":{"line":316,"column":116}}],"line":316},"55":{"loc":{"start":{"line":316,"column":35},"end":{"line":316,"column":82}},"type":"binary-expr","locations":[{"start":{"line":316,"column":35},"end":{"line":316,"column":49}},{"start":{"line":316,"column":53},"end":{"line":316,"column":82}}],"line":316},"56":{"loc":{"start":{"line":319,"column":10},"end":{"line":346,"column":11}},"type":"if","locations":[{"start":{"line":319,"column":10},"end":{"line":346,"column":11}},{"start":{},"end":{}}],"line":319},"57":{"loc":{"start":{"line":319,"column":14},"end":{"line":319,"column":78}},"type":"binary-expr","locations":[{"start":{"line":319,"column":14},"end":{"line":319,"column":23}},{"start":{"line":319,"column":27},"end":{"line":319,"column":43}},{"start":{"line":319,"column":47},"end":{"line":319,"column":78}}],"line":319},"58":{"loc":{"start":{"line":329,"column":14},"end":{"line":337,"column":15}},"type":"if","locations":[{"start":{"line":329,"column":14},"end":{"line":337,"column":15}},{"start":{"line":331,"column":21},"end":{"line":337,"column":15}}],"line":329},"59":{"loc":{"start":{"line":329,"column":18},"end":{"line":329,"column":65}},"type":"binary-expr","locations":[{"start":{"line":329,"column":18},"end":{"line":329,"column":46}},{"start":{"line":329,"column":50},"end":{"line":329,"column":65}}],"line":329},"60":{"loc":{"start":{"line":331,"column":21},"end":{"line":337,"column":15}},"type":"if","locations":[{"start":{"line":331,"column":21},"end":{"line":337,"column":15}},{"start":{"line":335,"column":21},"end":{"line":337,"column":15}}],"line":331},"61":{"loc":{"start":{"line":335,"column":21},"end":{"line":337,"column":15}},"type":"if","locations":[{"start":{"line":335,"column":21},"end":{"line":337,"column":15}},{"start":{},"end":{}}],"line":335},"62":{"loc":{"start":{"line":338,"column":14},"end":{"line":342,"column":15}},"type":"if","locations":[{"start":{"line":338,"column":14},"end":{"line":342,"column":15}},{"start":{},"end":{}}],"line":338},"63":{"loc":{"start":{"line":344,"column":89},"end":{"line":344,"column":104}},"type":"binary-expr","locations":[{"start":{"line":344,"column":89},"end":{"line":344,"column":99}},{"start":{"line":344,"column":103},"end":{"line":344,"column":104}}],"line":344},"64":{"loc":{"start":{"line":348,"column":10},"end":{"line":357,"column":11}},"type":"if","locations":[{"start":{"line":348,"column":10},"end":{"line":357,"column":11}},{"start":{},"end":{}}],"line":348},"65":{"loc":{"start":{"line":348,"column":14},"end":{"line":348,"column":143}},"type":"binary-expr","locations":[{"start":{"line":348,"column":14},"end":{"line":348,"column":22}},{"start":{"line":348,"column":26},"end":{"line":348,"column":31}},{"start":{"line":348,"column":35},"end":{"line":348,"column":47}},{"start":{"line":348,"column":51},"end":{"line":348,"column":88}},{"start":{"line":348,"column":92},"end":{"line":348,"column":108}},{"start":{"line":348,"column":112},"end":{"line":348,"column":143}}],"line":348},"66":{"loc":{"start":{"line":355,"column":90},"end":{"line":355,"column":113}},"type":"binary-expr","locations":[{"start":{"line":355,"column":90},"end":{"line":355,"column":104}},{"start":{"line":355,"column":108},"end":{"line":355,"column":113}}],"line":355},"67":{"loc":{"start":{"line":358,"column":10},"end":{"line":364,"column":11}},"type":"if","locations":[{"start":{"line":358,"column":10},"end":{"line":364,"column":11}},{"start":{},"end":{}}],"line":358},"68":{"loc":{"start":{"line":375,"column":20},"end":{"line":375,"column":66}},"type":"cond-expr","locations":[{"start":{"line":375,"column":41},"end":{"line":375,"column":52}},{"start":{"line":375,"column":55},"end":{"line":375,"column":66}}],"line":375},"69":{"loc":{"start":{"line":375,"column":20},"end":{"line":375,"column":38}},"type":"binary-expr","locations":[{"start":{"line":375,"column":20},"end":{"line":375,"column":23}},{"start":{"line":375,"column":27},"end":{"line":375,"column":38}}],"line":375},"70":{"loc":{"start":{"line":381,"column":52},"end":{"line":381,"column":82}},"type":"binary-expr","locations":[{"start":{"line":381,"column":52},"end":{"line":381,"column":62}},{"start":{"line":381,"column":66},"end":{"line":381,"column":82}}],"line":381},"71":{"loc":{"start":{"line":390,"column":4},"end":{"line":390,"column":81}},"type":"if","locations":[{"start":{"line":390,"column":4},"end":{"line":390,"column":81}},{"start":{},"end":{}}],"line":390},"72":{"loc":{"start":{"line":402,"column":17},"end":{"line":402,"column":96}},"type":"cond-expr","locations":[{"start":{"line":402,"column":34},"end":{"line":402,"column":89}},{"start":{"line":402,"column":92},"end":{"line":402,"column":96}}],"line":402},"73":{"loc":{"start":{"line":403,"column":14},"end":{"line":403,"column":87}},"type":"cond-expr","locations":[{"start":{"line":403,"column":28},"end":{"line":403,"column":80}},{"start":{"line":403,"column":83},"end":{"line":403,"column":87}}],"line":403},"74":{"loc":{"start":{"line":408,"column":52},"end":{"line":408,"column":82}},"type":"binary-expr","locations":[{"start":{"line":408,"column":52},"end":{"line":408,"column":62}},{"start":{"line":408,"column":66},"end":{"line":408,"column":82}}],"line":408}},"s":{"0":0,"1":0,"2":0,"3":0,"4":0,"5":0,"6":0,"7":0,"8":0,"9":0,"10":0,"11":0,"12":0,"13":0,"14":0,"15":0,"16":0,"17":0,"18":0,"19":0,"20":0,"21":0,"22":0,"23":0,"24":0,"25":0,"26":0,"27":0,"28":0,"29":0,"30":0,"31":0,"32":0,"33":0,"34":0,"35":0,"36":0,"37":0,"38":0,"39":0,"40":0,"41":0,"42":0,"43":0,"44":0,"45":0,"46":0,"47":0,"48":0,"49":0,"50":0,"51":0,"52":0,"53":0,"54":0,"55":0,"56":0,"57":0,"58":0,"59":0,"60":0,"61":0,"62":0,"63":0,"64":0,"65":0,"66":0,"67":0,"68":0,"69":0,"70":0,"71":0,"72":0,"73":0,"74":0,"75":0,"76":0,"77":0,"78":0,"79":0,"80":0,"81":0,"82":0,"83":0,"84":0,"85":0,"86":0,"87":0,"88":0,"89":0,"90":0,"91":0,"92":0,"93":0,"94":0,"95":0,"96":0,"97":0,"98":0,"99":0,"100":0,"101":0,"102":0,"103":0,"104":0,"105":0,"106":0,"107":0,"108":0,"109":0,"110":0,"111":0,"112":0,"113":0,"114":0,"115":0,"116":0,"117":0,"118":0,"119":0,"120":0,"121":0,"122":0,"123":0,"124":0,"125":0,"126":0,"127":0,"128":0,"129":0,"130":0,"131":0,"132":0,"133":0,"134":0,"135":0,"136":0,"137":0,"138":0,"139":0,"140":0,"141":0,"142":0,"143":0,"144":0,"145":0,"146":0,"147":0,"148":0,"149":0,"150":0,"151":0,"152":0,"153":0,"154":0,"155":0,"156":0,"157":0,"158":0,"159":0,"160":0,"161":0,"162":0,"163":0,"164":0,"165":0,"166":0,"167":0,"168":0,"169":0,"170":0,"171":0,"172":0,"173":0,"174":0,"175":0,"176":0,"177":0,"178":0,"179":0,"180":0,"181":0,"182":0,"183":0,"184":0,"185":0,"186":0,"187":0,"188":0,"189":0,"190":0,"191":0,"192":0,"193":0,"194":0,"195":0,"196":0,"197":0,"198":0,"199":0,"200":0,"201":0,"202":0,"203":0,"204":0,"205":0,"206":0,"207":0,"208":0,"209":0,"210":0,"211":0,"212":0,"213":0,"214":0,"215":0,"216":0,"217":0,"218":0,"219":0,"220":0,"221":0,"222":0,"223":0,"224":0,"225":0,"226":0,"227":0,"228":0,"229":0,"230":0,"231":0,"232":0,"233":0,"234":0,"235":0,"236":0,"237":0,"238":0,"239":0,"240":0,"241":0,"242":0,"243":0,"244":0,"245":0,"246":0,"247":0,"248":0,"249":0,"250":0,"251":0,"252":0,"253":0,"254":0,"255":0,"256":0,"257":0},"f":{"0":0,"1":0,"2":0,"3":0,"4":0,"5":0,"6":0,"7":0,"8":0,"9":0,"10":0,"11":0,"12":0,"13":0,"14":0,"15":0,"16":0,"17":0,"18":0,"19":0,"20":0,"21":0,"22":0},"b":{"0":[0,0],"1":[0,0],"2":[0,0],"3":[0,0],"4":[0,0],"5":[0,0],"6":[0,0],"7":[0,0],"8":[0,0],"9":[0,0],"10":[0,0],"11":[0,0],"12":[0,0],"13":[0,0],"14":[0,0],"15":[0,0],"16":[0,0],"17":[0],"18":[0,0],"19":[0,0],"20":[0,0],"21":[0,0],"22":[0,0],"23":[0,0],"24":[0,0],"25":[0,0],"26":[0,0],"27":[0,0],"28":[0,0],"29":[0,0,0],"30":[0,0],"31":[0,0],"32":[0,0],"33":[0,0],"34":[0,0,0,0,0,0,0],"35":[0,0],"36":[0,0],"37":[0,0],"38":[0,0],"39":[0,0],"40":[0,0],"41":[0,0],"42":[0,0],"43":[0,0,0,0],"44":[0,0],"45":[0,0],"46":[0,0],"47":[0,0],"48":[0,0],"49":[0,0],"50":[0,0],"51":[0,0,0,0,0],"52":[0,0],"53":[0,0],"54":[0,0],"55":[0,0],"56":[0,0],"57":[0,0,0],"58":[0,0],"59":[0,0],"60":[0,0],"61":[0,0],"62":[0,0],"63":[0,0],"64":[0,0],"65":[0,0,0,0,0,0],"66":[0,0],"67":[0,0],"68":[0,0],"69":[0,0],"70":[0,0],"71":[0,0],"72":[0,0],"73":[0,0],"74":[0,0]}}
,"C:\\Users\\danjo\\Documents\\GitHub\\ultrastar-worldparty\\karatoken-integrated\\ai-services\\backend\\routes\\youtube.js": {"path":"C:\\Users\\danjo\\Documents\\GitHub\\ultrastar-worldparty\\karatoken-integrated\\ai-services\\backend\\routes\\youtube.js","statementMap":{"0":{"start":{"line":1,"column":16},"end":{"line":1,"column":34}},"1":{"start":{"line":2,"column":13},"end":{"line":2,"column":28}},"2":{"start":{"line":4,"column":0},"end":{"line":16,"column":1}},"3":{"start":{"line":7,"column":2},"end":{"line":7,"column":39}},"4":{"start":{"line":9,"column":2},"end":{"line":9,"column":52}},"5":{"start":{"line":13,"column":2},"end":{"line":13,"column":30}},"6":{"start":{"line":15,"column":2},"end":{"line":15,"column":43}},"7":{"start":{"line":17,"column":11},"end":{"line":17,"column":24}},"8":{"start":{"line":18,"column":13},"end":{"line":18,"column":28}},"9":{"start":{"line":20,"column":15},"end":{"line":20,"column":31}},"10":{"start":{"line":23,"column":24},"end":{"line":26,"column":1}},"11":{"start":{"line":29,"column":0},"end":{"line":48,"column":3}},"12":{"start":{"line":30,"column":12},"end":{"line":30,"column":49}},"13":{"start":{"line":31,"column":2},"end":{"line":31,"column":73}},"14":{"start":{"line":31,"column":10},"end":{"line":31,"column":73}},"15":{"start":{"line":32,"column":2},"end":{"line":47,"column":3}},"16":{"start":{"line":33,"column":19},"end":{"line":33,"column":47}},"17":{"start":{"line":34,"column":19},"end":{"line":43,"column":9}},"18":{"start":{"line":35,"column":22},"end":{"line":35,"column":41}},"19":{"start":{"line":36,"column":19},"end":{"line":43,"column":7}},"20":{"start":{"line":44,"column":4},"end":{"line":44,"column":64}},"21":{"start":{"line":46,"column":4},"end":{"line":46,"column":71}},"22":{"start":{"line":52,"column":0},"end":{"line":91,"column":3}},"23":{"start":{"line":53,"column":2},"end":{"line":90,"column":3}},"24":{"start":{"line":54,"column":16},"end":{"line":54,"column":70}},"25":{"start":{"line":55,"column":4},"end":{"line":57,"column":5}},"26":{"start":{"line":56,"column":6},"end":{"line":56,"column":79}},"27":{"start":{"line":59,"column":17},"end":{"line":59,"column":90}},"28":{"start":{"line":60,"column":22},"end":{"line":62,"column":19}},"29":{"start":{"line":63,"column":19},"end":{"line":63,"column":53}},"30":{"start":{"line":64,"column":4},"end":{"line":64,"column":74}},"31":{"start":{"line":64,"column":32},"end":{"line":64,"column":74}},"32":{"start":{"line":65,"column":20},"end":{"line":65,"column":71}},"33":{"start":{"line":67,"column":19},"end":{"line":67,"column":103}},"34":{"start":{"line":71,"column":20},"end":{"line":71,"column":55}},"35":{"start":{"line":72,"column":18},"end":{"line":72,"column":47}},"36":{"start":{"line":74,"column":4},"end":{"line":79,"column":7}},"37":{"start":{"line":75,"column":6},"end":{"line":75,"column":25}},"38":{"start":{"line":76,"column":6},"end":{"line":76,"column":33}},"39":{"start":{"line":77,"column":6},"end":{"line":77,"column":34}},"40":{"start":{"line":78,"column":6},"end":{"line":78,"column":32}},"41":{"start":{"line":81,"column":20},"end":{"line":81,"column":52}},"42":{"start":{"line":82,"column":4},"end":{"line":82,"column":126}},"43":{"start":{"line":85,"column":16},"end":{"line":85,"column":56}},"44":{"start":{"line":86,"column":4},"end":{"line":88,"column":5}},"45":{"start":{"line":87,"column":6},"end":{"line":87,"column":121}},"46":{"start":{"line":89,"column":4},"end":{"line":89,"column":59}},"47":{"start":{"line":93,"column":0},"end":{"line":93,"column":24}}},"fnMap":{"0":{"name":"(anonymous_0)","decl":{"start":{"line":29,"column":22},"end":{"line":29,"column":23}},"loc":{"start":{"line":29,"column":42},"end":{"line":48,"column":1}},"line":29},"1":{"name":"(anonymous_1)","decl":{"start":{"line":35,"column":14},"end":{"line":35,"column":15}},"loc":{"start":{"line":35,"column":22},"end":{"line":35,"column":41}},"line":35},"2":{"name":"(anonymous_2)","decl":{"start":{"line":36,"column":11},"end":{"line":36,"column":12}},"loc":{"start":{"line":36,"column":19},"end":{"line":43,"column":7}},"line":36},"3":{"name":"(anonymous_3)","decl":{"start":{"line":52,"column":25},"end":{"line":52,"column":26}},"loc":{"start":{"line":52,"column":45},"end":{"line":91,"column":1}},"line":52},"4":{"name":"(anonymous_4)","decl":{"start":{"line":74,"column":22},"end":{"line":74,"column":23}},"loc":{"start":{"line":74,"column":43},"end":{"line":79,"column":5}},"line":74}},"branchMap":{"0":{"loc":{"start":{"line":30,"column":13},"end":{"line":30,"column":30}},"type":"binary-expr","locations":[{"start":{"line":30,"column":13},"end":{"line":30,"column":24}},{"start":{"line":30,"column":28},"end":{"line":30,"column":30}}],"line":30},"1":{"loc":{"start":{"line":31,"column":2},"end":{"line":31,"column":73}},"type":"if","locations":[{"start":{"line":31,"column":2},"end":{"line":31,"column":73}},{"start":{},"end":{}}],"line":31},"2":{"loc":{"start":{"line":34,"column":20},"end":{"line":34,"column":38}},"type":"binary-expr","locations":[{"start":{"line":34,"column":20},"end":{"line":34,"column":32}},{"start":{"line":34,"column":36},"end":{"line":34,"column":38}}],"line":34},"3":{"loc":{"start":{"line":42,"column":16},"end":{"line":42,"column":70}},"type":"binary-expr","locations":[{"start":{"line":42,"column":16},"end":{"line":42,"column":24}},{"start":{"line":42,"column":28},"end":{"line":42,"column":70}}],"line":42},"4":{"loc":{"start":{"line":46,"column":45},"end":{"line":46,"column":67}},"type":"binary-expr","locations":[{"start":{"line":46,"column":45},"end":{"line":46,"column":54}},{"start":{"line":46,"column":58},"end":{"line":46,"column":67}}],"line":46},"5":{"loc":{"start":{"line":54,"column":16},"end":{"line":54,"column":70}},"type":"cond-expr","locations":[{"start":{"line":54,"column":45},"end":{"line":54,"column":65}},{"start":{"line":54,"column":68},"end":{"line":54,"column":70}}],"line":54},"6":{"loc":{"start":{"line":54,"column":17},"end":{"line":54,"column":41}},"type":"binary-expr","locations":[{"start":{"line":54,"column":17},"end":{"line":54,"column":25}},{"start":{"line":54,"column":29},"end":{"line":54,"column":41}}],"line":54},"7":{"loc":{"start":{"line":55,"column":4},"end":{"line":57,"column":5}},"type":"if","locations":[{"start":{"line":55,"column":4},"end":{"line":57,"column":5}},{"start":{},"end":{}}],"line":55},"8":{"loc":{"start":{"line":55,"column":8},"end":{"line":55,"column":38}},"type":"binary-expr","locations":[{"start":{"line":55,"column":8},"end":{"line":55,"column":12}},{"start":{"line":55,"column":16},"end":{"line":55,"column":38}}],"line":55},"9":{"loc":{"start":{"line":60,"column":23},"end":{"line":60,"column":57}},"type":"binary-expr","locations":[{"start":{"line":60,"column":23},"end":{"line":60,"column":46}},{"start":{"line":60,"column":50},"end":{"line":60,"column":57}}],"line":60},"10":{"loc":{"start":{"line":64,"column":4},"end":{"line":64,"column":74}},"type":"if","locations":[{"start":{"line":64,"column":4},"end":{"line":64,"column":74}},{"start":{},"end":{}}],"line":64},"11":{"loc":{"start":{"line":85,"column":16},"end":{"line":85,"column":56}},"type":"cond-expr","locations":[{"start":{"line":85,"column":35},"end":{"line":85,"column":44}},{"start":{"line":85,"column":47},"end":{"line":85,"column":56}}],"line":85},"12":{"loc":{"start":{"line":85,"column":17},"end":{"line":85,"column":31}},"type":"binary-expr","locations":[{"start":{"line":85,"column":17},"end":{"line":85,"column":18}},{"start":{"line":85,"column":22},"end":{"line":85,"column":31}}],"line":85},"13":{"loc":{"start":{"line":86,"column":4},"end":{"line":88,"column":5}},"type":"if","locations":[{"start":{"line":86,"column":4},"end":{"line":88,"column":5}},{"start":{},"end":{}}],"line":86},"14":{"loc":{"start":{"line":86,"column":8},"end":{"line":86,"column":74}},"type":"binary-expr","locations":[{"start":{"line":86,"column":8},"end":{"line":86,"column":48}},{"start":{"line":86,"column":52},"end":{"line":86,"column":74}}],"line":86}},"s":{"0":0,"1":0,"2":0,"3":0,"4":0,"5":0,"6":0,"7":0,"8":0,"9":0,"10":0,"11":0,"12":0,"13":0,"14":0,"15":0,"16":0,"17":0,"18":0,"19":0,"20":0,"21":0,"22":0,"23":0,"24":0,"25":0,"26":0,"27":0,"28":0,"29":0,"30":0,"31":0,"32":0,"33":0,"34":0,"35":0,"36":0,"37":0,"38":0,"39":0,"40":0,"41":0,"42":0,"43":0,"44":0,"45":0,"46":0,"47":0},"f":{"0":0,"1":0,"2":0,"3":0,"4":0},"b":{"0":[0,0],"1":[0,0],"2":[0,0],"3":[0,0],"4":[0,0],"5":[0,0],"6":[0,0],"7":[0,0],"8":[0,0],"9":[0,0],"10":[0,0],"11":[0,0],"12":[0,0],"13":[0,0],"14":[0,0]}}
[...]
,"C:\\Users\\danjo\\Documents\\GitHub\\ultrastar-worldparty\\karatoken-integrated\\ai-services\\backend\\services\\remix.js": {"path":"C:\\Users\\danjo\\Documents\\GitHub\\ultrastar-worldparty\\karatoken-integrated\\ai-services\\backend\\services\\remix.js","statementMap":{"0":{"start":{"line":1,"column":11},"end":{"line":1,"column":24}},"1":{"start":{"line":2,"column":13},"end":{"line":2,"column":28}},"2":{"start":{"line":3,"column":24},"end":{"line":5,"column":4}},"3":{"start":{"line":4,"column":2},"end":{"line":4,"column":76}},"4":{"start":{"line":4,"column":8},"end":{"line":4,"column":51}},"5":{"start":{"line":4,"column":62},"end":{"line":4,"column":74}},"6":{"start":{"line":7,"column":0},"end":{"line":14,"column":1}},"7":{"start":{"line":8,"column":2},"end":{"line":8,"column":36}},"8":{"start":{"line":9,"column":2},"end":{"line":11,"column":3}},"9":{"start":{"line":10,"column":4},"end":{"line":10,"column":47}},"10":{"start":{"line":17,"column":2},"end":{"line":17,"column":66}},"11":{"start":{"line":17,"column":27},"end":{"line":17,"column":66}},"12":{"start":{"line":25,"column":2},"end":{"line":25,"column":108}},"13":{"start":{"line":25,"column":15},"end":{"line":25,"column":108}},"14":{"start":{"line":26,"column":2},"end":{"line":26,"column":90}},"15":{"start":{"line":26,"column":51},"end":{"line":26,"column":90}},"16":{"start":{"line":27,"column":20},"end":{"line":27,"column":59}},"17":{"start":{"line":28,"column":19},"end":{"line":28,"column":83}},"18":{"start":{"line":29,"column":2},"end":{"line":29,"column":36}},"19":{"start":{"line":31,"column":2},"end":{"line":35,"column":3}},"20":{"start":{"line":33,"column":4},"end":{"line":33,"column":43}},"21":{"start":{"line":34,"column":4},"end":{"line":34,"column":20}},"22":{"start":{"line":37,"column":2},"end":{"line":61,"column":5}},"23":{"start":{"line":38,"column":16},"end":{"line":60,"column":21}},"24":{"start":{"line":63,"column":2},"end":{"line":63,"column":18}},"25":{"start":{"line":66,"column":0},"end":{"line":66,"column":33}}},"fnMap":{"0":{"name":"(anonymous_0)","decl":{"start":{"line":3,"column":25},"end":{"line":3,"column":26}},"loc":{"start":{"line":3,"column":31},"end":{"line":5,"column":1}},"line":3},"1":{"name":"ensureDir","decl":{"start":{"line":16,"column":9},"end":{"line":16,"column":18}},"loc":{"start":{"line":16,"column":24},"end":{"line":18,"column":1}},"line":16},"2":{"name":"remixTracks","decl":{"start":{"line":24,"column":15},"end":{"line":24,"column":26}},"loc":{"start":{"line":24,"column":103},"end":{"line":64,"column":1}},"line":24},"3":{"name":"(anonymous_3)","decl":{"start":{"line":37,"column":20},"end":{"line":37,"column":21}},"loc":{"start":{"line":37,"column":41},"end":{"line":61,"column":3}},"line":37}},"branchMap":{"0":{"loc":{"start":{"line":9,"column":2},"end":{"line":11,"column":3}},"type":"if","locations":[{"start":{"line":9,"column":2},"end":{"line":11,"column":3}},{"start":{},"end":{}}],"line":9},"1":{"loc":{"start":{"line":9,"column":6},"end":{"line":9,"column":45}},"type":"binary-expr","locations":[{"start":{"line":9,"column":6},"end":{"line":9,"column":21}},{"start":{"line":9,"column":25},"end":{"line":9,"column":45}}],"line":9},"2":{"loc":{"start":{"line":17,"column":2},"end":{"line":17,"column":66}},"type":"if","locations":[{"start":{"line":17,"column":2},"end":{"line":17,"column":66}},{"start":{},"end":{}}],"line":17},"3":{"loc":{"start":{"line":24,"column":63},"end":{"line":24,"column":80}},"type":"default-arg","locations":[{"start":{"line":24,"column":78},"end":{"line":24,"column":80}}],"line":24},"4":{"loc":{"start":{"line":24,"column":82},"end":{"line":24,"column":99}},"type":"default-arg","locations":[{"start":{"line":24,"column":98},"end":{"line":24,"column":99}}],"line":24},"5":{"loc":{"start":{"line":25,"column":2},"end":{"line":25,"column":108}},"type":"if","locations":[{"start":{"line":25,"column":2},"end":{"line":25,"column":108}},{"start":{},"end":{}}],"line":25},"6":{"loc":{"start":{"line":26,"column":2},"end":{"line":26,"column":90}},"type":"if","locations":[{"start":{"line":26,"column":2},"end":{"line":26,"column":90}},{"start":{},"end":{}}],"line":26},"7":{"loc":{"start":{"line":26,"column":6},"end":{"line":26,"column":49}},"type":"binary-expr","locations":[{"start":{"line":26,"column":6},"end":{"line":26,"column":18}},{"start":{"line":26,"column":22},"end":{"line":26,"column":49}}],"line":26},"8":{"loc":{"start":{"line":27,"column":20},"end":{"line":27,"column":59}},"type":"binary-expr","locations":[{"start":{"line":27,"column":20},"end":{"line":27,"column":30}},{"start":{"line":27,"column":34},"end":{"line":27,"column":59}}],"line":27},"9":{"loc":{"start":{"line":28,"column":19},"end":{"line":28,"column":83}},"type":"binary-expr","locations":[{"start":{"line":28,"column":19},"end":{"line":28,"column":26}},{"start":{"line":28,"column":30},"end":{"line":28,"column":83}}],"line":28},"10":{"loc":{"start":{"line":31,"column":2},"end":{"line":35,"column":3}},"type":"if","locations":[{"start":{"line":31,"column":2},"end":{"line":35,"column":3}},{"start":{},"end":{}}],"line":31}},"s":{"0":0,"1":0,"2":0,"3":0,"4":0,"5":0,"6":0,"7":0,"8":0,"9":0,"10":0,"11":0,"12":0,"13":0,"14":0,"15":0,"16":0,"17":0,"18":0,"19":0,"20":0,"21":0,"22":0,"23":0,"24":0,"25":0},"f":{"0":0,"1":0,"2":0,"3":0},"b":{"0":[0,0],"1":[0,0],"2":[0,0],"3":[0],"4":[0],"5":[0,0],"6":[0,0],"7":[0,0],"8":[0,0],"9":[0,0],"10":[0,0]}}
,"C:\\Users\\danjo\\Documents\\GitHub\\ultrastar-worldparty\\karatoken-integrated\\ai-services\\backend\\services\\replicateClient.js": {"path":"C:\\Users\\danjo\\Documents\\GitHub\\ultrastar-worldparty\\karatoken-integrated\\ai-services\\backend\\services\\replicateClient.js","statementMap":{"0":{"start":{"line":1,"column":18},"end":{"line":1,"column":38}},"1":{"start":{"line":3,"column":14},"end":{"line":3,"column":45}},"2":{"start":{"line":4,"column":0},"end":{"line":6,"column":1}},"3":{"start":{"line":5,"column":2},"end":{"line":5,"column":91}},"4":{"start":{"line":9,"column":18},"end":{"line":12,"column":2}},"5":{"start":{"line":14,"column":0},"end":{"line":14,"column":27}}},"fnMap":{},"branchMap":{"0":{"loc":{"start":{"line":4,"column":0},"end":{"line":6,"column":1}},"type":"if","locations":[{"start":{"line":4,"column":0},"end":{"line":6,"column":1}},{"start":{},"end":{}}],"line":4}},"s":{"0":0,"1":0,"2":0,"3":0,"4":0,"5":0},"f":{},"b":{"0":[0,0]}}
,"C:\\Users\\danjo\\Documents\\GitHub\\ultrastar-worldparty\\karatoken-integrated\\ai-services\\backend\\services\\separation.js": {"path":"C:\\Users\\danjo\\Documents\\GitHub\\ultrastar-worldparty\\karatoken-integrated\\ai-services\\backend\\services\\separation.js","statementMap":{"0":{"start":{"line":1,"column":11},"end":{"line":1,"column":24}},"1":{"start":{"line":2,"column":13},"end":{"line":2,"column":28}},"2":{"start":{"line":3,"column":13},"end":{"line":3,"column":28}},"3":{"start":{"line":4,"column":14},"end":{"line":4,"column":30}},"4":{"start":{"line":5,"column":18},"end":{"line":5,"column":46}},"5":{"start":{"line":8,"column":16},"end":{"line":8,"column":54}},"6":{"start":{"line":9,"column":2},"end":{"line":27,"column":5}},"7":{"start":{"line":10,"column":16},"end":{"line":10,"column":42}},"8":{"start":{"line":11,"column":16},"end":{"line":21,"column":6}},"9":{"start":{"line":12,"column":6},"end":{"line":14,"column":7}},"10":{"start":{"line":13,"column":8},"end":{"line":13,"column":59}},"11":{"start":{"line":15,"column":6},"end":{"line":18,"column":9}},"12":{"start":{"line":16,"column":8},"end":{"line":16,"column":68}},"13":{"start":{"line":16,"column":14},"end":{"line":16,"column":57}},"14":{"start":{"line":16,"column":30},"end":{"line":16,"column":55}},"15":{"start":{"line":17,"column":8},"end":{"line":17,"column":20}},"16":{"start":{"line":19,"column":6},"end":{"line":19,"column":20}},"17":{"start":{"line":20,"column":6},"end":{"line":20,"column":61}},"18":{"start":{"line":20,"column":29},"end":{"line":20,"column":59}},"19":{"start":{"line":20,"column":45},"end":{"line":20,"column":58}},"20":{"start":{"line":22,"column":4},"end":{"line":22,"column":79}},"21":{"start":{"line":22,"column":36},"end":{"line":22,"column":77}},"22":{"start":{"line":23,"column":4},"end":{"line":26,"column":7}},"23":{"start":{"line":24,"column":6},"end":{"line":24,"column":66}},"24":{"start":{"line":24,"column":12},"end":{"line":24,"column":55}},"25":{"start":{"line":24,"column":28},"end":{"line":24,"column":53}},"26":{"start":{"line":25,"column":6},"end":{"line":25,"column":18}},"27":{"start":{"line":35,"column":16},"end":{"line":35,"column":50}},"28":{"start":{"line":36,"column":16},"end":{"line":36,"column":47}},"29":{"start":{"line":37,"column":2},"end":{"line":39,"column":3}},"30":{"start":{"line":38,"column":4},"end":{"line":38,"column":104}},"31":{"start":{"line":40,"column":2},"end":{"line":42,"column":3}},"32":{"start":{"line":41,"column":4},"end":{"line":41,"column":61}},"33":{"start":{"line":43,"column":22},"end":{"line":43,"column":53}},"34":{"start":{"line":44,"column":16},"end":{"line":44,"column":38}},"35":{"start":{"line":46,"column":17},"end":{"line":46,"column":54}},"36":{"start":{"line":48,"column":15},"end":{"line":48,"column":56}},"37":{"start":{"line":49,"column":19},"end":{"line":49,"column":23}},"38":{"start":{"line":50,"column":25},"end":{"line":50,"column":29}},"39":{"start":{"line":52,"column":2},"end":{"line":65,"column":3}},"40":{"start":{"line":53,"column":4},"end":{"line":53,"column":40}},"41":{"start":{"line":53,"column":31},"end":{"line":53,"column":40}},"42":{"start":{"line":54,"column":21},"end":{"line":54,"column":55}},"43":{"start":{"line":55,"column":18},"end":{"line":55,"column":40}},"44":{"start":{"line":56,"column":4},"end":{"line":64,"column":5}},"45":{"start":{"line":57,"column":16},"end":{"line":57,"column":47}},"46":{"start":{"line":58,"column":6},"end":{"line":58,"column":36}},"47":{"start":{"line":59,"column":6},"end":{"line":59,"column":21}},"48":{"start":{"line":60,"column":11},"end":{"line":64,"column":5}},"49":{"start":{"line":61,"column":16},"end":{"line":61,"column":57}},"50":{"start":{"line":62,"column":6},"end":{"line":62,"column":36}},"51":{"start":{"line":63,"column":6},"end":{"line":63,"column":27}},"52":{"start":{"line":68,"column":2},"end":{"line":75,"column":3}},"53":{"start":{"line":69,"column":21},"end":{"line":69,"column":60}},"54":{"start":{"line":69,"column":38},"end":{"line":69,"column":59}},"55":{"start":{"line":70,"column":4},"end":{"line":74,"column":5}},"56":{"start":{"line":71,"column":16},"end":{"line":71,"column":47}},"57":{"start":{"line":72,"column":6},"end":{"line":72,"column":43}},"58":{"start":{"line":73,"column":6},"end":{"line":73,"column":27}},"59":{"start":{"line":77,"column":2},"end":{"line":77,"column":42}},"60":{"start":{"line":80,"column":0},"end":{"line":80,"column":35}}},"fnMap":{"0":{"name":"downloadUrlToFile","decl":{"start":{"line":7,"column":9},"end":{"line":7,"column":26}},"loc":{"start":{"line":7,"column":57},"end":{"line":28,"column":1}},"line":7},"1":{"name":"(anonymous_1)","decl":{"start":{"line":9,"column":21},"end":{"line":9,"column":22}},"loc":{"start":{"line":9,"column":42},"end":{"line":27,"column":3}},"line":9},"2":{"name":"(anonymous_2)","decl":{"start":{"line":11,"column":31},"end":{"line":11,"column":32}},"loc":{"start":{"line":11,"column":40},"end":{"line":21,"column":5}},"line":11},"3":{"name":"(anonymous_3)","decl":{"start":{"line":15,"column":22},"end":{"line":15,"column":23}},"loc":{"start":{"line":15,"column":31},"end":{"line":18,"column":7}},"line":15},"4":{"name":"(anonymous_4)","decl":{"start":{"line":16,"column":24},"end":{"line":16,"column":25}},"loc":{"start":{"line":16,"column":30},"end":{"line":16,"column":55}},"line":16},"5":{"name":"(anonymous_5)","decl":{"start":{"line":16,"column":46},"end":{"line":16,"column":47}},"loc":{"start":{"line":16,"column":52},"end":{"line":16,"column":54}},"line":16},"6":{"name":"(anonymous_6)","decl":{"start":{"line":20,"column":23},"end":{"line":20,"column":24}},"loc":{"start":{"line":20,"column":29},"end":{"line":20,"column":59}},"line":20},"7":{"name":"(anonymous_7)","decl":{"start":{"line":20,"column":39},"end":{"line":20,"column":40}},"loc":{"start":{"line":20,"column":45},"end":{"line":20,"column":58}},"line":20},"8":{"name":"(anonymous_8)","decl":{"start":{"line":22,"column":30},"end":{"line":22,"column":31}},"loc":{"start":{"line":22,"column":36},"end":{"line":22,"column":77}},"line":22},"9":{"name":"(anonymous_9)","decl":{"start":{"line":23,"column":20},"end":{"line":23,"column":21}},"loc":{"start":{"line":23,"column":29},"end":{"line":26,"column":5}},"line":23},"10":{"name":"(anonymous_10)","decl":{"start":{"line":24,"column":22},"end":{"line":24,"column":23}},"loc":{"start":{"line":24,"column":28},"end":{"line":24,"column":53}},"line":24},"11":{"name":"(anonymous_11)","decl":{"start":{"line":24,"column":44},"end":{"line":24,"column":45}},"loc":{"start":{"line":24,"column":50},"end":{"line":24,"column":52}},"line":24},"12":{"name":"separateAudio","decl":{"start":{"line":34,"column":15},"end":{"line":34,"column":28}},"loc":{"start":{"line":34,"column":53},"end":{"line":78,"column":1}},"line":34},"13":{"name":"(anonymous_13)","decl":{"start":{"line":69,"column":31},"end":{"line":69,"column":32}},"loc":{"start":{"line":69,"column":38},"end":{"line":69,"column":59}},"line":69}},"branchMap":{"0":{"loc":{"start":{"line":7,"column":38},"end":{"line":7,"column":55}},"type":"default-arg","locations":[{"start":{"line":7,"column":50},"end":{"line":7,"column":55}}],"line":7},"1":{"loc":{"start":{"line":8,"column":16},"end":{"line":8,"column":54}},"type":"cond-expr","locations":[{"start":{"line":8,"column":42},"end":{"line":8,"column":47}},{"start":{"line":8,"column":50},"end":{"line":8,"column":54}}],"line":8},"2":{"loc":{"start":{"line":12,"column":6},"end":{"line":14,"column":7}},"type":"if","locations":[{"start":{"line":12,"column":6},"end":{"line":14,"column":7}},{"start":{},"end":{}}],"line":12},"3":{"loc":{"start":{"line":12,"column":10},"end":{"line":12,"column":49}},"type":"binary-expr","locations":[{"start":{"line":12,"column":10},"end":{"line":12,"column":24}},{"start":{"line":12,"column":28},"end":{"line":12,"column":49}}],"line":12},"4":{"loc":{"start":{"line":37,"column":2},"end":{"line":39,"column":3}},"type":"if","locations":[{"start":{"line":37,"column":2},"end":{"line":39,"column":3}},{"start":{},"end":{}}],"line":37},"5":{"loc":{"start":{"line":37,"column":6},"end":{"line":37,"column":22}},"type":"binary-expr","locations":[{"start":{"line":37,"column":6},"end":{"line":37,"column":12}},{"start":{"line":37,"column":16},"end":{"line":37,"column":22}}],"line":37},"6":{"loc":{"start":{"line":40,"column":2},"end":{"line":42,"column":3}},"type":"if","locations":[{"start":{"line":40,"column":2},"end":{"line":42,"column":3}},{"start":{},"end":{}}],"line":40},"7":{"loc":{"start":{"line":40,"column":6},"end":{"line":40,"column":47}},"type":"binary-expr","locations":[{"start":{"line":40,"column":6},"end":{"line":40,"column":17}},{"start":{"line":40,"column":21},"end":{"line":40,"column":47}}],"line":40},"8":{"loc":{"start":{"line":48,"column":15},"end":{"line":48,"column":56}},"type":"cond-expr","locations":[{"start":{"line":48,"column":39},"end":{"line":48,"column":45}},{"start":{"line":48,"column":48},"end":{"line":48,"column":56}}],"line":48},"9":{"loc":{"start":{"line":53,"column":4},"end":{"line":53,"column":40}},"type":"if","locations":[{"start":{"line":53,"column":4},"end":{"line":53,"column":40}},{"start":{},"end":{}}],"line":53},"10":{"loc":{"start":{"line":56,"column":4},"end":{"line":64,"column":5}},"type":"if","locations":[{"start":{"line":56,"column":4},"end":{"line":64,"column":5}},{"start":{"line":60,"column":11},"end":{"line":64,"column":5}}],"line":56},"11":{"loc":{"start":{"line":56,"column":8},"end":{"line":56,"column":81}},"type":"binary-expr","locations":[{"start":{"line":56,"column":8},"end":{"line":56,"column":19}},{"start":{"line":56,"column":24},"end":{"line":56,"column":48}},{"start":{"line":56,"column":52},"end":{"line":56,"column":80}}],"line":56},"12":{"loc":{"start":{"line":60,"column":11},"end":{"line":64,"column":5}},"type":"if","locations":[{"start":{"line":60,"column":11},"end":{"line":64,"column":5}},{"start":{},"end":{}}],"line":60},"13":{"loc":{"start":{"line":60,"column":15},"end":{"line":60,"column":134}},"type":"binary-expr","locations":[{"start":{"line":60,"column":15},"end":{"line":60,"column":32}},{"start":{"line":60,"column":37},"end":{"line":60,"column":67}},{"start":{"line":60,"column":71},"end":{"line":60,"column":98}},{"start":{"line":60,"column":102},"end":{"line":60,"column":133}}],"line":60},"14":{"loc":{"start":{"line":68,"column":2},"end":{"line":75,"column":3}},"type":"if","locations":[{"start":{"line":68,"column":2},"end":{"line":75,"column":3}},{"start":{},"end":{}}],"line":68},"15":{"loc":{"start":{"line":68,"column":6},"end":{"line":68,"column":38}},"type":"binary-expr","locations":[{"start":{"line":68,"column":6},"end":{"line":68,"column":17}},{"start":{"line":68,"column":21},"end":{"line":68,"column":38}}],"line":68},"16":{"loc":{"start":{"line":70,"column":4},"end":{"line":74,"column":5}},"type":"if","locations":[{"start":{"line":70,"column":4},"end":{"line":74,"column":5}},{"start":{},"end":{}}],"line":70}},"s":{"0":0,"1":0,"2":0,"3":0,"4":0,"5":0,"6":0,"7":0,"8":0,"9":0,"10":0,"11":0,"12":0,"13":0,"14":0,"15":0,"16":0,"17":0,"18":0,"19":0,"20":0,"21":0,"22":0,"23":0,"24":0,"25":0,"26":0,"27":0,"28":0,"29":0,"30":0,"31":0,"32":0,"33":0,"34":0,"35":0,"36":0,"37":0,"38":0,"39":0,"40":0,"41":0,"42":0,"43":0,"44":0,"45":0,"46":0,"47":0,"48":0,"49":0,"50":0,"51":0,"52":0,"53":0,"54":0,"55":0,"56":0,"57":0,"58":0,"59":0,"60":0},"f":{"0":0,"1":0,"2":0,"3":0,"4":0,"5":0,"6":0,"7":0,"8":0,"9":0,"10":0,"11":0,"12":0,"13":0},"b":{"0":[0],"1":[0,0],"2":[0,0],"3":[0,0],"4":[0,0],"5":[0,0],"6":[0,0],"7":[0,0],"8":[0,0],"9":[0,0],"10":[0,0],"11":[0,0,0],"12":[0,0],"13":[0,0,0,0],"14":[0,0],"15":[0,0],"16":[0,0]}}
}
