TN:
SF:src/routes/genre.ts
FN:11,(anonymous_1)
FN:58,(anonymous_2)
FN:70,(anonymous_3)
FN:84,(anonymous_4)
FN:111,sleep
FN:112,(anonymous_6)
FN:115,(anonymous_7)
FN:117,runGenreSwap
FN:195,(anonymous_9)
FN:213,(anonymous_10)
FN:237,(anonymous_11)
FNF:11
FNH:10
FNDA:2,(anonymous_1)
FNDA:5,(anonymous_2)
FNDA:0,(anonymous_3)
FNDA:3,(anonymous_4)
FNDA:4,sleep
FNDA:4,(anonymous_6)
FNDA:3,(anonymous_7)
FNDA:3,runGenreSwap
FNDA:5,(anonymous_9)
FNDA:3,(anonymous_10)
FNDA:18,(anonymous_11)
DA:1,2
DA:2,2
DA:4,2
DA:5,2
DA:11,2
DA:12,2
DA:13,2
DA:14,2
DA:15,2
DA:46,2
DA:47,2
DA:50,2
DA:51,0
DA:54,2
DA:55,2
DA:58,5
DA:70,2
DA:71,0
DA:73,0
DA:80,0
DA:84,2
DA:85,3
DA:87,3
DA:88,3
DA:90,3
DA:91,3
DA:93,3
DA:94,3
DA:95,0
DA:97,0
DA:98,0
DA:105,0
DA:108,3
DA:112,4
DA:115,3
DA:118,3
DA:120,3
DA:121,3
DA:122,3
DA:123,3
DA:124,3
DA:126,2
DA:129,2
DA:130,2
DA:131,2
DA:132,2
DA:133,1
DA:135,1
DA:136,0
DA:140,0
DA:143,1
DA:144,1
DA:145,1
DA:148,0
DA:149,0
DA:150,0
DA:151,0
DA:152,0
DA:154,0
DA:155,0
DA:156,0
DA:157,0
DA:159,0
DA:160,0
DA:161,0
DA:162,0
DA:164,0
DA:165,0
DA:166,0
DA:167,0
DA:170,0
DA:171,0
DA:172,0
DA:173,0
DA:174,0
DA:176,0
DA:177,0
DA:178,0
DA:185,0
DA:187,1
DA:188,1
DA:189,1
DA:190,1
DA:195,2
DA:196,5
DA:198,5
DA:199,1
DA:201,4
DA:202,0
DA:206,4
DA:207,1
DA:210,3
DA:213,2
DA:214,3
DA:216,3
DA:217,3
DA:229,3
DA:232,3
DA:234,3
DA:237,2
DA:238,18
DA:239,18
DA:241,18
DA:242,1
DA:245,17
DA:248,2
LF:106
LH:69
BRDA:11,0,0,2
BRDA:11,0,1,2
BRDA:46,1,0,2
BRDA:46,1,1,2
BRDA:50,2,0,0
BRDA:50,3,0,2
BRDA:50,3,1,2
BRDA:71,4,0,0
BRDA:75,5,0,0
BRDA:75,5,1,0
BRDA:85,6,0,0
BRDA:88,7,0,0
BRDA:88,8,0,3
BRDA:88,8,1,3
BRDA:94,9,0,0
BRDA:129,10,0,2
BRDA:129,10,1,0
BRDA:132,11,0,1
BRDA:132,12,0,2
BRDA:132,12,1,1
BRDA:135,13,0,0
BRDA:198,14,0,1
BRDA:198,15,0,5
BRDA:198,15,1,4
BRDA:201,16,0,0
BRDA:201,17,0,4
BRDA:201,17,1,4
BRDA:206,18,0,1
BRDA:214,19,0,0
BRDA:241,20,0,1
BRF:30
BRH:19
end_of_record
TN:
SF:src/routes/youtube.ts
FN:15,(anonymous_1)
FN:21,(anonymous_2)
FN:22,(anonymous_3)
FN:36,(anonymous_4)
FN:57,(anonymous_5)
FN:60,(anonymous_6)
FNF:6
FNH:0
FNDA:0,(anonymous_1)
FNDA:0,(anonymous_2)
FNDA:0,(anonymous_3)
FNDA:0,(anonymous_4)
FNDA:0,(anonymous_5)
FNDA:0,(anonymous_6)
DA:1,2
DA:2,2
DA:3,2
DA:4,2
DA:5,2
DA:7,2
DA:9,2
DA:15,2
DA:16,0
DA:17,0
DA:18,0
DA:19,0
DA:20,0
DA:21,0
DA:22,0
DA:30,0
DA:32,0
DA:36,2
DA:37,0
DA:38,0
DA:39,0
DA:40,0
DA:42,0
DA:43,0
DA:46,0
DA:47,0
DA:48,0
DA:50,0
DA:54,0
DA:55,0
DA:57,0
DA:58,0
DA:59,0
DA:60,0
DA:61,0
DA:64,0
DA:65,0
DA:73,0
DA:74,0
DA:75,0
DA:80,0
DA:84,2
LF:42
LH:10
BRDA:16,0,0,0
BRDA:16,0,1,0
BRDA:17,1,0,0
BRDA:20,2,0,0
BRDA:20,2,1,0
BRDA:28,3,0,0
BRDA:28,3,1,0
BRDA:32,4,0,0
BRDA:32,4,1,0
BRDA:38,5,0,0
BRDA:38,5,1,0
BRDA:38,6,0,0
BRDA:38,6,1,0
BRDA:39,7,0,0
BRDA:39,8,0,0
BRDA:39,8,1,0
BRDA:43,9,0,0
BRDA:43,9,1,0
BRDA:47,10,0,0
BRDA:73,11,0,0
BRDA:73,11,1,0
BRDA:73,12,0,0
BRDA:73,12,1,0
BRDA:74,13,0,0
BRDA:74,14,0,0
BRDA:74,14,1,0
BRF:26
BRH:0
end_of_record
TN:
SF:src/services/emotionAnalysis.ts
FN:18,getEmotionClassifier
FN:28,analyzeEmotion
FN:46,(anonymous_3)
FN:81,analyzeEmotionWithCache
FNF:4
FNH:3
FNDA:3,getEmotionClassifier
FNDA:4,analyzeEmotion
FNDA:3,(anonymous_3)
FNDA:0,analyzeEmotionWithCache
DA:1,1
DA:2,1
DA:3,1
DA:4,1
DA:15,1
DA:19,3
DA:20,1
DA:25,3
DA:28,1
DA:29,4
DA:30,1
DA:37,3
DA:38,3
DA:39,3
DA:42,3
DA:43,3
DA:44,3
DA:46,3
DA:47,3
DA:48,3
DA:49,3
DA:51,3
DA:52,3
DA:53,3
DA:57,3
DA:63,0
DA:64,0
DA:73,1
DA:74,1
DA:77,1
DA:78,0
DA:81,1
DA:82,0
DA:83,0
DA:85,0
DA:87,0
DA:88,0
DA:92,0
DA:93,0
DA:94,0
DA:95,0
DA:99,0
DA:102,0
DA:103,0
DA:105,0
DA:107,0
DA:108,0
LF:47
LH:29
BRDA:19,0,0,1
BRDA:29,1,0,1
BRDA:29,2,0,4
BRDA:29,2,1,3
BRDA:29,2,2,3
BRDA:51,3,0,3
BRDA:77,4,0,0
BRDA:87,5,0,0
BRDA:92,6,0,0
BRF:9
BRH:6
end_of_record
